<?xml version="1.0" encoding="UTF-8"?>
<testng-results ignored="0" total="1" passed="1" failed="0" skipped="0">
  <reporter-output>
  </reporter-output>
  <suite started-at="2026-03-20T14:51:53 IST" name="Default suite" finished-at="2026-03-20T14:52:40 IST" duration-ms="46748">
    <groups>
      <group name="login">
        <method signature="NewLoginTest.testValidLogin()[pri:0, instance:tests.NewLoginTest@1190200a]" name="testValidLogin" class="tests.NewLoginTest"/>
      </group> <!-- login -->
    </groups>
    <test started-at="2026-03-20T14:51:53 IST" name="Default test" finished-at="2026-03-20T14:52:40 IST" duration-ms="46748">
      <class name="tests.NewLoginTest">
        <test-method is-config="true" signature="setup()[pri:0, instance:tests.NewLoginTest@1190200a]" started-at="2026-03-20T14:51:54 IST" name="setup" finished-at="2026-03-20T14:52:19 IST" duration-ms="25504" status="PASS">
          <reporter-output>
          </reporter-output>
        </test-method> <!-- setup -->
        <test-method is-config="true" signature="initPage()[pri:0, instance:tests.NewLoginTest@1190200a]" started-at="2026-03-20T14:52:19 IST" name="initPage" finished-at="2026-03-20T14:52:20 IST" duration-ms="548" status="PASS">
          <reporter-output>
          </reporter-output>
        </test-method> <!-- initPage -->
        <test-method signature="testValidLogin()[pri:0, instance:tests.NewLoginTest@1190200a]" started-at="2026-03-20T14:52:20 IST" name="testValidLogin" finished-at="2026-03-20T14:52:40 IST" duration-ms="20607" status="PASS">
          <reporter-output>
          </reporter-output>
        </test-method> <!-- testValidLogin -->
      </class> <!-- tests.NewLoginTest -->
    </test> <!-- Default test -->
  </suite> <!-- Default suite -->
</testng-results>
