<?xml version="1.0" encoding="UTF-8"?>
<testng-results ignored="0" total="3" passed="3" failed="0" skipped="0">
  <reporter-output>
  </reporter-output>
  <suite started-at="2026-04-20T16:19:20 IST" name="Suite" finished-at="2026-04-20T16:20:39 IST" duration-ms="79922">
    <groups>
      <group name="login">
        <method signature="NewLoginTest.testValidLogin()[pri:0, instance:tests.NewLoginTest@2df3b89c]" name="testValidLogin" class="tests.NewLoginTest"/>
      </group> <!-- login -->
    </groups>
    <test started-at="2026-04-20T16:19:20 IST" name="Test" finished-at="2026-04-20T16:20:39 IST" duration-ms="79922">
      <class name="tests.OTP_Test">
        <test-method is-config="true" signature="initTestReport()[pri:0, instance:tests.OTP_Test@707194ba]" started-at="2026-04-20T16:19:24 IST" name="initTestReport" finished-at="2026-04-20T16:19:24 IST" depends-on-methods="Pages.BaseClass.setup" duration-ms="4" status="PASS">
          <reporter-output>
          </reporter-output>
        </test-method> <!-- initTestReport -->
        <test-method signature="enterOTPTest()[pri:0, instance:tests.OTP_Test@707194ba]" started-at="2026-04-20T16:19:28 IST" name="enterOTPTest" finished-at="2026-04-20T16:19:41 IST" depends-on-methods="tests.NewLoginTest.testValidLogin" duration-ms="12251" status="PASS">
          <reporter-output>
          </reporter-output>
        </test-method> <!-- enterOTPTest -->
      </class> <!-- tests.OTP_Test -->
      <class name="tests.CreateDoctorTest">
        <test-method is-config="true" signature="initPage()[pri:0, instance:tests.CreateDoctorTest@192c3f1e]" started-at="2026-04-20T16:19:41 IST" name="initPage" finished-at="2026-04-20T16:19:41 IST" duration-ms="4" status="PASS">
          <reporter-output>
          </reporter-output>
        </test-method> <!-- initPage -->
        <test-method signature="testcreatedoctor()[pri:0, instance:tests.CreateDoctorTest@192c3f1e]" started-at="2026-04-20T16:19:41 IST" name="testcreatedoctor" finished-at="2026-04-20T16:20:39 IST" depends-on-methods="tests.NewLoginTest.testValidLogin, tests.OTP_Test.enterOTPTest" duration-ms="58753" status="PASS">
          <reporter-output>
          </reporter-output>
        </test-method> <!-- testcreatedoctor -->
      </class> <!-- tests.CreateDoctorTest -->
      <class name="tests.NewLoginTest">
        <test-method is-config="true" signature="setup()[pri:0, instance:tests.NewLoginTest@2df3b89c]" started-at="2026-04-20T16:19:20 IST" name="setup" finished-at="2026-04-20T16:19:24 IST" duration-ms="4442" status="PASS">
          <reporter-output>
          </reporter-output>
        </test-method> <!-- setup -->
        <test-method is-config="true" signature="initPage()[pri:0, instance:tests.NewLoginTest@2df3b89c]" started-at="2026-04-20T16:19:24 IST" name="initPage" finished-at="2026-04-20T16:19:24 IST" duration-ms="459" status="PASS">
          <reporter-output>
          </reporter-output>
        </test-method> <!-- initPage -->
        <test-method signature="testValidLogin()[pri:0, instance:tests.NewLoginTest@2df3b89c]" started-at="2026-04-20T16:19:24 IST" name="testValidLogin" finished-at="2026-04-20T16:19:28 IST" duration-ms="3964" status="PASS">
          <reporter-output>
          </reporter-output>
        </test-method> <!-- testValidLogin -->
      </class> <!-- tests.NewLoginTest -->
    </test> <!-- Test -->
  </suite> <!-- Suite -->
</testng-results>
