<?xml version="1.0" encoding="UTF-8"?>
<!-- Generated by org.testng.reporters.JUnitReportReporter -->
<testsuite hostname="iOrbit_PC_31" failures="0" tests="2" name="tests.NewLoginTest" time="0.693" errors="1" timestamp="2026-04-02T17:07:35 IST" skipped="1">
  <testcase classname="tests.NewLoginTest" name="setup" time="0.693">
    <error message="Could not start a new session. Response code 500. Message: Device emulator_5554 was not in the list of connected devices 
Host info: host: &#039;IORBIT_PC_31&#039;, ip: &#039;192.168.1.10&#039;
Build info: version: &#039;4.33.0&#039;, revision: &#039;2c6aaad03a&#039;
System info: os.name: &#039;Windows 11&#039;, os.arch: &#039;amd64&#039;, os.version: &#039;10.0&#039;, java.version: &#039;21.0.6&#039;
Driver info: io.appium.java_client.android.AndroidDriver
Command: [null, newSession {capabilities=[{appium:skipServerInstallation=false, appium:uiautomator2ServerInstallTimeout=120000, appium:noReset=true, appium:waitForIdleTimeout=10000, appium:ignoreHiddenApiPolicyError=true, appium:autoGrantPermissions=true, appium:skipDeviceInitialization=false, appium:adbExecTimeout=120000, appium:app=D:\itouch-qa\newtechadminapp\Apps\iTouch-AdminApp-release.apk, appium:disableWindowAnimation=true, appium:udid=emulator_5554, appium:uiautomator2ServerLaunchTimeout=120000, platformName=ANDROID, appium:automationName=UiAutomator2, appium:newCommandTimeout=600, appium:deviceName=emulator_5554}], desiredCapabilities=Capabilities {appium:adbExecTimeout: 120000, appium:app: D:\itouch-qa\newtechadminap..., appium:autoGrantPermissions: true, appium:automationName: UiAutomator2, appium:deviceName: emulator_5554, appium:disableWindowAnimation: true, appium:ignoreHiddenApiPolicyError: true, appium:newCommandTimeout: 600, appium:noReset: true, appium:skipDeviceInitialization: false, appium:skipServerInstallation: false, appium:udid: emulator_5554, appium:uiautomator2ServerInstallTimeout: 120000, appium:uiautomator2ServerLaunchTimeout: 120000, appium:waitForIdleTimeout: 10000, platformName: ANDROID}}]
Capabilities {appium:adbExecTimeout: 120000, appium:app: D:\itouch-qa\newtechadminap..., appium:autoGrantPermissions: true, appium:automationName: UiAutomator2, appium:deviceName: emulator_5554, appium:disableWindowAnimation: true, appium:ignoreHiddenApiPolicyError: true, appium:newCommandTimeout: 600, appium:noReset: true, appium:skipDeviceInitialization: false, appium:skipServerInstallation: false, appium:udid: emulator_5554, appium:uiautomator2ServerInstallTimeout: 120000, appium:uiautomator2ServerLaunchTimeout: 120000, appium:waitForIdleTimeout: 10000, platformName: ANDROID}" type="org.openqa.selenium.SessionNotCreatedException">
      <![CDATA[org.openqa.selenium.SessionNotCreatedException: Could not start a new session. Response code 500. Message: Device emulator_5554 was not in the list of connected devices 
Host info: host: 'IORBIT_PC_31', ip: '192.168.1.10'
Build info: version: '4.33.0', revision: '2c6aaad03a'
System info: os.name: 'Windows 11', os.arch: 'amd64', os.version: '10.0', java.version: '21.0.6'
Driver info: io.appium.java_client.android.AndroidDriver
Command: [null, newSession {capabilities=[{appium:skipServerInstallation=false, appium:uiautomator2ServerInstallTimeout=120000, appium:noReset=true, appium:waitForIdleTimeout=10000, appium:ignoreHiddenApiPolicyError=true, appium:autoGrantPermissions=true, appium:skipDeviceInitialization=false, appium:adbExecTimeout=120000, appium:app=D:\itouch-qa\newtechadminapp\Apps\iTouch-AdminApp-release.apk, appium:disableWindowAnimation=true, appium:udid=emulator_5554, appium:uiautomator2ServerLaunchTimeout=120000, platformName=ANDROID, appium:automationName=UiAutomator2, appium:newCommandTimeout=600, appium:deviceName=emulator_5554}], desiredCapabilities=Capabilities {appium:adbExecTimeout: 120000, appium:app: D:\itouch-qa\newtechadminap..., appium:autoGrantPermissions: true, appium:automationName: UiAutomator2, appium:deviceName: emulator_5554, appium:disableWindowAnimation: true, appium:ignoreHiddenApiPolicyError: true, appium:newCommandTimeout: 600, appium:noReset: true, appium:skipDeviceInitialization: false, appium:skipServerInstallation: false, appium:udid: emulator_5554, appium:uiautomator2ServerInstallTimeout: 120000, appium:uiautomator2ServerLaunchTimeout: 120000, appium:waitForIdleTimeout: 10000, platformName: ANDROID}}]
Capabilities {appium:adbExecTimeout: 120000, appium:app: D:\itouch-qa\newtechadminap..., appium:autoGrantPermissions: true, appium:automationName: UiAutomator2, appium:deviceName: emulator_5554, appium:disableWindowAnimation: true, appium:ignoreHiddenApiPolicyError: true, appium:newCommandTimeout: 600, appium:noReset: true, appium:skipDeviceInitialization: false, appium:skipServerInstallation: false, appium:udid: emulator_5554, appium:uiautomator2ServerInstallTimeout: 120000, appium:uiautomator2ServerLaunchTimeout: 120000, appium:waitForIdleTimeout: 10000, platformName: ANDROID}
at org.openqa.selenium.remote.ProtocolHandshake.createSession(ProtocolHandshake.java:114)
at java.base/jdk.internal.reflect.DirectMethodHandleAccessor.invoke(DirectMethodHandleAccessor.java:103)
at java.base/java.lang.reflect.Method.invoke(Method.java:580)
at io.appium.java_client.remote.AppiumProtocolHandshake.createSession(AppiumProtocolHandshake.java:116)
at io.appium.java_client.remote.AppiumProtocolHandshake.createSession(AppiumProtocolHandshake.java:96)
at io.appium.java_client.remote.AppiumCommandExecutor.createSession(AppiumCommandExecutor.java:176)
at io.appium.java_client.remote.AppiumCommandExecutor.execute(AppiumCommandExecutor.java:237)
at org.openqa.selenium.remote.RemoteWebDriver.execute(RemoteWebDriver.java:544)
at io.appium.java_client.AppiumDriver.startSession(AppiumDriver.java:268)
at org.openqa.selenium.remote.RemoteWebDriver.<init>(RemoteWebDriver.java:173)
at io.appium.java_client.AppiumDriver.<init>(AppiumDriver.java:90)
at io.appium.java_client.AppiumDriver.<init>(AppiumDriver.java:102)
at io.appium.java_client.android.AndroidDriver.<init>(AndroidDriver.java:109)
at Pages.BaseClass.setup(BaseClass.java:67)
at java.base/jdk.internal.reflect.DirectMethodHandleAccessor.invoke(DirectMethodHandleAccessor.java:103)
at java.base/java.lang.reflect.Method.invoke(Method.java:580)
at org.testng.internal.invokers.MethodInvocationHelper.invokeMethod(MethodInvocationHelper.java:141)
at org.testng.internal.invokers.MethodInvocationHelper.invokeMethodConsideringTimeout(MethodInvocationHelper.java:71)
at org.testng.internal.invokers.ConfigInvoker.invokeConfigurationMethod(ConfigInvoker.java:400)
at org.testng.internal.invokers.ConfigInvoker.invokeConfigurations(ConfigInvoker.java:333)
at org.testng.TestRunner.invokeTestConfigurations(TestRunner.java:657)
at org.testng.TestRunner.beforeRun(TestRunner.java:646)
at org.testng.TestRunner.run(TestRunner.java:612)
at org.testng.SuiteRunner.runTest(SuiteRunner.java:421)
at org.testng.SuiteRunner.runSequentially(SuiteRunner.java:413)
at org.testng.SuiteRunner.privateRun(SuiteRunner.java:373)
at org.testng.SuiteRunner.run(SuiteRunner.java:312)
at org.testng.SuiteRunnerWorker.runSuite(SuiteRunnerWorker.java:52)
at org.testng.SuiteRunnerWorker.run(SuiteRunnerWorker.java:95)
at org.testng.TestNG.runSuitesSequentially(TestNG.java:1274)
at org.testng.TestNG.runSuitesLocally(TestNG.java:1208)
at org.testng.TestNG.runSuites(TestNG.java:1112)
at org.testng.TestNG.run(TestNG.java:1079)
at org.testng.remote.AbstractRemoteTestNG.run(AbstractRemoteTestNG.java:115)
at org.testng.remote.RemoteTestNG.initAndRun(RemoteTestNG.java:293)
at org.testng.remote.RemoteTestNG.main(RemoteTestNG.java:91)
]]>
    </error>
  </testcase> <!-- setup -->
  <testcase classname="tests.NewLoginTest" name="testValidLogin" time="0.000">
    <skipped/>
  </testcase> <!-- testValidLogin -->
</testsuite> <!-- tests.NewLoginTest -->
