<?xml version="1.0" encoding="UTF-8"?>
<!-- Generated by org.testng.reporters.JUnitReportReporter -->
<testsuite hostname="iOrbit_PC_31" failures="0" tests="1" name="tests.DeviceConfigTest" time="10.484" errors="1" timestamp="2026-05-14T18:04:41 IST" skipped="0">
  <testcase classname="tests.DeviceConfigTest" name="testdeviceconfig" time="10.484">
    <error message="Expected condition failed: waiting for element to be clickable, but the element was not found: org.openqa.selenium.NoSuchElementException: Can&#039;t locate an element by this strategy: By.xpath: //android.view.ViewGroup[@content-desc=&quot;Asset Center&quot;].
(tried for 10 seconds with 500 milliseconds interval)
Build info: version: &#039;4.33.0&#039;, revision: &#039;2c6aaad03a&#039;
System info: os.name: &#039;Windows 11&#039;, os.arch: &#039;amd64&#039;, os.version: &#039;10.0&#039;, java.version: &#039;17.0.2&#039;
Driver info: io.appium.java_client.android.AndroidDriver
Capabilities {appium:adbExecTimeout: 120000, appium:app: C:\Users\Adesh S\Downloads\..., appium:appActivity: com.itouchtechadminapp.Main..., appium:appPackage: com.itouchtechadminapp, appium:autoGrantPermissions: true, appium:automationName: UiAutomator2, appium:databaseEnabled: false, appium:desired: {adbExecTimeout: 120000, app: C:\Users\Adesh S\Downloads\..., autoGrantPermissions: true, automationName: UiAutomator2, deviceName: emulator-5554, disableWindowAnimation: true, ignoreHiddenApiPolicyError: true, newCommandTimeout: 600, noReset: false, platformName: ANDROID, skipDeviceInitialization: false, skipServerInstallation: false, udid: emulator-5554, uiautomator2ServerInstallTimeout: 120000, uiautomator2ServerLaunchTimeout: 120000, waitForIdleTimeout: 10000}, appium:deviceApiLevel: 33, appium:deviceManufacturer: Google, appium:deviceModel: sdk_gphone64_x86_64, appium:deviceName: emulator-5554, appium:deviceScreenDensity: 420, appium:deviceScreenSize: 1080x2400, appium:deviceUDID: emulator-5554, appium:disableWindowAnimation: true, appium:ignoreHiddenApiPolicyError: true, appium:javascriptEnabled: true, appium:locationContextEnabled: false, appium:networkConnectionEnabled: true, appium:newCommandTimeout: 600, appium:noReset: false, appium:pixelRatio: 2.625, appium:platformVersion: 13, appium:skipDeviceInitialization: false, appium:skipServerInstallation: false, appium:statBarHeight: 63, appium:takesScreenshot: true, appium:udid: emulator-5554, appium:uiautomator2ServerInstallTimeout: 120000, appium:uiautomator2ServerLaunchTimeout: 120000, appium:viewportRect: {height: 2337, left: 0, top: 63, width: 1080}, appium:waitForIdleTimeout: 10000, appium:warnings: {}, appium:webStorageEnabled: false, platformName: ANDROID}
Session ID: a74ba2d6-2334-40c5-9a9c-6fa37b1cdfbd" type="org.openqa.selenium.TimeoutException">
      <![CDATA[org.openqa.selenium.TimeoutException: Expected condition failed: waiting for element to be clickable, but the element was not found: org.openqa.selenium.NoSuchElementException: Can't locate an element by this strategy: By.xpath: //android.view.ViewGroup[@content-desc="Asset Center"].
(tried for 10 seconds with 500 milliseconds interval)
Build info: version: '4.33.0', revision: '2c6aaad03a'
System info: os.name: 'Windows 11', os.arch: 'amd64', os.version: '10.0', java.version: '17.0.2'
Driver info: io.appium.java_client.android.AndroidDriver
Capabilities {appium:adbExecTimeout: 120000, appium:app: C:\Users\Adesh S\Downloads\..., appium:appActivity: com.itouchtechadminapp.Main..., appium:appPackage: com.itouchtechadminapp, appium:autoGrantPermissions: true, appium:automationName: UiAutomator2, appium:databaseEnabled: false, appium:desired: {adbExecTimeout: 120000, app: C:\Users\Adesh S\Downloads\..., autoGrantPermissions: true, automationName: UiAutomator2, deviceName: emulator-5554, disableWindowAnimation: true, ignoreHiddenApiPolicyError: true, newCommandTimeout: 600, noReset: false, platformName: ANDROID, skipDeviceInitialization: false, skipServerInstallation: false, udid: emulator-5554, uiautomator2ServerInstallTimeout: 120000, uiautomator2ServerLaunchTimeout: 120000, waitForIdleTimeout: 10000}, appium:deviceApiLevel: 33, appium:deviceManufacturer: Google, appium:deviceModel: sdk_gphone64_x86_64, appium:deviceName: emulator-5554, appium:deviceScreenDensity: 420, appium:deviceScreenSize: 1080x2400, appium:deviceUDID: emulator-5554, appium:disableWindowAnimation: true, appium:ignoreHiddenApiPolicyError: true, appium:javascriptEnabled: true, appium:locationContextEnabled: false, appium:networkConnectionEnabled: true, appium:newCommandTimeout: 600, appium:noReset: false, appium:pixelRatio: 2.625, appium:platformVersion: 13, appium:skipDeviceInitialization: false, appium:skipServerInstallation: false, appium:statBarHeight: 63, appium:takesScreenshot: true, appium:udid: emulator-5554, appium:uiautomator2ServerInstallTimeout: 120000, appium:uiautomator2ServerLaunchTimeout: 120000, appium:viewportRect: {height: 2337, left: 0, top: 63, width: 1080}, appium:waitForIdleTimeout: 10000, appium:warnings: {}, appium:webStorageEnabled: false, platformName: ANDROID}
Session ID: a74ba2d6-2334-40c5-9a9c-6fa37b1cdfbd
at org.openqa.selenium.support.ui.WebDriverWait.timeoutException(WebDriverWait.java:85)
at org.openqa.selenium.support.ui.FluentWait.until(FluentWait.java:234)
at Pages.Device_Config_feature.Deviceconfigmethod(Device_Config_feature.java:76)
at tests.DeviceConfigTest.testdeviceconfig(DeviceConfigTest.java:44)
at java.base/jdk.internal.reflect.NativeMethodAccessorImpl.invoke0(Native Method)
at java.base/jdk.internal.reflect.NativeMethodAccessorImpl.invoke(NativeMethodAccessorImpl.java:77)
at java.base/jdk.internal.reflect.DelegatingMethodAccessorImpl.invoke(DelegatingMethodAccessorImpl.java:43)
at java.base/java.lang.reflect.Method.invoke(Method.java:568)
at org.testng.internal.invokers.MethodInvocationHelper.invokeMethod(MethodInvocationHelper.java:141)
at org.testng.internal.invokers.TestInvoker.invokeMethod(TestInvoker.java:687)
at org.testng.internal.invokers.TestInvoker.invokeTestMethod(TestInvoker.java:230)
at org.testng.internal.invokers.MethodRunner.runInSequence(MethodRunner.java:63)
at org.testng.internal.invokers.TestInvoker$MethodInvocationAgent.invoke(TestInvoker.java:995)
at org.testng.internal.invokers.TestInvoker.invokeTestMethods(TestInvoker.java:203)
at org.testng.internal.invokers.TestMethodWorker.invokeTestMethods(TestMethodWorker.java:154)
at org.testng.internal.invokers.TestMethodWorker.run(TestMethodWorker.java:134)
at java.base/java.util.ArrayList.forEach(ArrayList.java:1511)
at org.testng.TestRunner.privateRun(TestRunner.java:741)
at org.testng.TestRunner.run(TestRunner.java:616)
at org.testng.SuiteRunner.runTest(SuiteRunner.java:421)
at org.testng.SuiteRunner.runSequentially(SuiteRunner.java:413)
at org.testng.SuiteRunner.privateRun(SuiteRunner.java:373)
at org.testng.SuiteRunner.run(SuiteRunner.java:312)
at org.testng.SuiteRunnerWorker.runSuite(SuiteRunnerWorker.java:52)
at org.testng.SuiteRunnerWorker.run(SuiteRunnerWorker.java:95)
at org.testng.TestNG.runSuitesSequentially(TestNG.java:1274)
at org.testng.TestNG.runSuitesLocally(TestNG.java:1208)
at org.testng.TestNG.runSuites(TestNG.java:1112)
at org.testng.TestNG.run(TestNG.java:1079)
at org.testng.remote.AbstractRemoteTestNG.run(AbstractRemoteTestNG.java:115)
at org.testng.remote.RemoteTestNG.initAndRun(RemoteTestNG.java:293)
at org.testng.remote.RemoteTestNG.main(RemoteTestNG.java:91)
]]>
    </error>
  </testcase> <!-- testdeviceconfig -->
</testsuite> <!-- tests.DeviceConfigTest -->
