<?xml version="1.0" encoding="UTF-8"?>
<!-- Generated by org.testng.reporters.JUnitReportReporter -->
<testsuite hostname="iOrbit_PC_31" failures="0" tests="1" name="tests.CreateDoctorTest" time="21.164" errors="1" timestamp="2026-04-24T16:08:10 IST" skipped="0">
  <testcase classname="tests.CreateDoctorTest" name="testcreatedoctor" time="21.164">
    <error message="An unknown server-side error occurred while processing the command. Original error: &#039;POST /element&#039; cannot be proxied to UiAutomator2 server because the instrumentation process is not running (probably crashed). Check the server log and/or the logcat output for more details
Build info: version: &#039;4.33.0&#039;, revision: &#039;2c6aaad03a&#039;
System info: os.name: &#039;Windows 11&#039;, os.arch: &#039;amd64&#039;, os.version: &#039;10.0&#039;, java.version: &#039;17.0.2&#039;
Driver info: io.appium.java_client.android.AndroidDriver
Command: [ecfda356-e479-4ddb-bd76-1c085e13436f, findElement {value=//android.view.ViewGroup[@content-desc=&quot;Birth Date*&quot;]/android.widget.EditText, using=xpath}]
Capabilities {appium:adbExecTimeout: 120000, appium:app: D:\itouch-qa\newtechadminap..., appium:appActivity: com.itouchtechadminapp.Main..., appium:appPackage: com.itouchtechadminapp, appium:autoGrantPermissions: true, appium:automationName: UiAutomator2, appium:databaseEnabled: false, appium:desired: {adbExecTimeout: 120000, app: D:\itouch-qa\newtechadminap..., autoGrantPermissions: true, automationName: UiAutomator2, deviceName: 22JUL32E02620, disableWindowAnimation: true, ignoreHiddenApiPolicyError: true, newCommandTimeout: 600, noReset: false, platformName: ANDROID, skipDeviceInitialization: false, skipServerInstallation: false, udid: 22JUL32E02620, uiautomator2ServerInstallTimeout: 120000, uiautomator2ServerLaunchTimeout: 120000, waitForIdleTimeout: 10000}, appium:deviceApiLevel: 32, appium:deviceManufacturer: Advantech, appium:deviceModel: AIM-75, appium:deviceName: 22JUL32E02620, appium:deviceScreenDensity: 356, appium:deviceScreenSize: 1200x1920, appium:deviceUDID: 22JUL32E02620, appium:disableWindowAnimation: true, appium:ignoreHiddenApiPolicyError: true, appium:javascriptEnabled: true, appium:locationContextEnabled: false, appium:networkConnectionEnabled: true, appium:newCommandTimeout: 600, appium:noReset: false, appium:pixelRatio: 2.2250001, appium:platformVersion: 12, appium:skipDeviceInitialization: false, appium:skipServerInstallation: false, appium:statBarHeight: 53, appium:takesScreenshot: true, appium:udid: 22JUL32E02620, appium:uiautomator2ServerInstallTimeout: 120000, appium:uiautomator2ServerLaunchTimeout: 120000, appium:viewportRect: {height: 1867, left: 0, top: 53, width: 1200}, appium:waitForIdleTimeout: 10000, appium:warnings: {}, appium:webStorageEnabled: false, platformName: ANDROID}
Session ID: ecfda356-e479-4ddb-bd76-1c085e13436f" type="org.openqa.selenium.WebDriverException">
      <![CDATA[org.openqa.selenium.WebDriverException: An unknown server-side error occurred while processing the command. Original error: 'POST /element' cannot be proxied to UiAutomator2 server because the instrumentation process is not running (probably crashed). Check the server log and/or the logcat output for more details
Build info: version: '4.33.0', revision: '2c6aaad03a'
System info: os.name: 'Windows 11', os.arch: 'amd64', os.version: '10.0', java.version: '17.0.2'
Driver info: io.appium.java_client.android.AndroidDriver
Command: [ecfda356-e479-4ddb-bd76-1c085e13436f, findElement {value=//android.view.ViewGroup[@content-desc="Birth Date*"]/android.widget.EditText, using=xpath}]
Capabilities {appium:adbExecTimeout: 120000, appium:app: D:\itouch-qa\newtechadminap..., appium:appActivity: com.itouchtechadminapp.Main..., appium:appPackage: com.itouchtechadminapp, appium:autoGrantPermissions: true, appium:automationName: UiAutomator2, appium:databaseEnabled: false, appium:desired: {adbExecTimeout: 120000, app: D:\itouch-qa\newtechadminap..., autoGrantPermissions: true, automationName: UiAutomator2, deviceName: 22JUL32E02620, disableWindowAnimation: true, ignoreHiddenApiPolicyError: true, newCommandTimeout: 600, noReset: false, platformName: ANDROID, skipDeviceInitialization: false, skipServerInstallation: false, udid: 22JUL32E02620, uiautomator2ServerInstallTimeout: 120000, uiautomator2ServerLaunchTimeout: 120000, waitForIdleTimeout: 10000}, appium:deviceApiLevel: 32, appium:deviceManufacturer: Advantech, appium:deviceModel: AIM-75, appium:deviceName: 22JUL32E02620, appium:deviceScreenDensity: 356, appium:deviceScreenSize: 1200x1920, appium:deviceUDID: 22JUL32E02620, appium:disableWindowAnimation: true, appium:ignoreHiddenApiPolicyError: true, appium:javascriptEnabled: true, appium:locationContextEnabled: false, appium:networkConnectionEnabled: true, appium:newCommandTimeout: 600, appium:noReset: false, appium:pixelRatio: 2.2250001, appium:platformVersion: 12, appium:skipDeviceInitialization: false, appium:skipServerInstallation: false, appium:statBarHeight: 53, appium:takesScreenshot: true, appium:udid: 22JUL32E02620, appium:uiautomator2ServerInstallTimeout: 120000, appium:uiautomator2ServerLaunchTimeout: 120000, appium:viewportRect: {height: 1867, left: 0, top: 53, width: 1200}, appium:waitForIdleTimeout: 10000, appium:warnings: {}, appium:webStorageEnabled: false, platformName: ANDROID}
Session ID: ecfda356-e479-4ddb-bd76-1c085e13436f
at java.base/jdk.internal.reflect.NativeConstructorAccessorImpl.newInstance0(Native Method)
at java.base/jdk.internal.reflect.NativeConstructorAccessorImpl.newInstance(NativeConstructorAccessorImpl.java:77)
at java.base/jdk.internal.reflect.DelegatingConstructorAccessorImpl.newInstance(DelegatingConstructorAccessorImpl.java:45)
at java.base/java.lang.reflect.Constructor.newInstanceWithCaller(Constructor.java:499)
at java.base/java.lang.reflect.Constructor.newInstance(Constructor.java:480)
at org.openqa.selenium.remote.ErrorCodec.decode(ErrorCodec.java:167)
at org.openqa.selenium.remote.codec.w3c.W3CHttpResponseCodec.decode(W3CHttpResponseCodec.java:138)
at org.openqa.selenium.remote.codec.w3c.W3CHttpResponseCodec.decode(W3CHttpResponseCodec.java:50)
at org.openqa.selenium.remote.HttpCommandExecutor.execute(HttpCommandExecutor.java:215)
at io.appium.java_client.remote.AppiumCommandExecutor.execute(AppiumCommandExecutor.java:237)
at org.openqa.selenium.remote.RemoteWebDriver.execute(RemoteWebDriver.java:544)
at org.openqa.selenium.remote.ElementLocation$ElementFinder$2.findElement(ElementLocation.java:165)
at org.openqa.selenium.remote.ElementLocation.findElement(ElementLocation.java:59)
at org.openqa.selenium.remote.RemoteWebDriver.findElement(RemoteWebDriver.java:367)
at org.openqa.selenium.remote.RemoteWebDriver.findElement(RemoteWebDriver.java:361)
at Pages.Doctor_feature.createDoctormethod(Doctor_feature.java:148)
at tests.CreateDoctorTest.testcreatedoctor(CreateDoctorTest.java:59)
at java.base/jdk.internal.reflect.NativeMethodAccessorImpl.invoke0(Native Method)
at java.base/jdk.internal.reflect.NativeMethodAccessorImpl.invoke(NativeMethodAccessorImpl.java:77)
at java.base/jdk.internal.reflect.DelegatingMethodAccessorImpl.invoke(DelegatingMethodAccessorImpl.java:43)
at java.base/java.lang.reflect.Method.invoke(Method.java:568)
at org.testng.internal.invokers.MethodInvocationHelper.invokeMethod(MethodInvocationHelper.java:141)
at org.testng.internal.invokers.TestInvoker.invokeMethod(TestInvoker.java:687)
at org.testng.internal.invokers.TestInvoker.invokeTestMethod(TestInvoker.java:230)
at org.testng.internal.invokers.MethodRunner.runInSequence(MethodRunner.java:63)
at org.testng.internal.invokers.TestInvoker$MethodInvocationAgent.invoke(TestInvoker.java:995)
at org.testng.internal.invokers.TestInvoker.invokeTestMethods(TestInvoker.java:203)
at org.testng.internal.invokers.TestMethodWorker.invokeTestMethods(TestMethodWorker.java:154)
at org.testng.internal.invokers.TestMethodWorker.run(TestMethodWorker.java:134)
at java.base/java.util.ArrayList.forEach(ArrayList.java:1511)
at org.testng.TestRunner.privateRun(TestRunner.java:741)
at org.testng.TestRunner.run(TestRunner.java:616)
at org.testng.SuiteRunner.runTest(SuiteRunner.java:421)
at org.testng.SuiteRunner.runSequentially(SuiteRunner.java:413)
at org.testng.SuiteRunner.privateRun(SuiteRunner.java:373)
at org.testng.SuiteRunner.run(SuiteRunner.java:312)
at org.testng.SuiteRunnerWorker.runSuite(SuiteRunnerWorker.java:52)
at org.testng.SuiteRunnerWorker.run(SuiteRunnerWorker.java:95)
at org.testng.TestNG.runSuitesSequentially(TestNG.java:1274)
at org.testng.TestNG.runSuitesLocally(TestNG.java:1208)
at org.testng.TestNG.runSuites(TestNG.java:1112)
at org.testng.TestNG.run(TestNG.java:1079)
at org.testng.remote.AbstractRemoteTestNG.run(AbstractRemoteTestNG.java:115)
at org.testng.remote.RemoteTestNG.initAndRun(RemoteTestNG.java:293)
at org.testng.remote.RemoteTestNG.main(RemoteTestNG.java:91)
]]>
    </error>
  </testcase> <!-- testcreatedoctor -->
</testsuite> <!-- tests.CreateDoctorTest -->
