<?xml version="1.0" encoding="UTF-8"?>
<!-- Generated by org.testng.reporters.JUnitXMLReporter -->
<testsuite ignored="15" hostname="iOrbit_PC_31" failures="8" tests="16" name="Master.test" time="104.604" errors="0" timestamp="2026-03-26T16:12:57 IST">
  <testcase classname="tests.NewLoginTest" name="testValidLogin" time="9.959"/>
  <testcase classname="tests.OTP_Test" name="enterOTPTest" time="25.044"/>
  <testcase classname="tests.CreateDoctorTest" name="testcreatedoctor" time="33.128"/>
  <testcase classname="tests.CreatePatientTest" name="testcreatepatient" time="0.042"/>
  <testcase classname="tests.CreateNurseTest" name="testcreatenurse" time="0.069"/>
  <testcase classname="tests.CreateDeviceTest" name="testcreatedevice" time="0.033">
    <failure type="org.openqa.selenium.WebDriverException" message="&amp;apos;POST /element&amp;apos; cannot be proxied to UiAutomator2 server because the instrumentation process is not running (probably crashed). Check the server log and/or the logcat output for more details
Build info: version: &amp;apos;4.33.0&amp;apos;, revision: &amp;apos;2c6aaad03a&amp;apos;
System info: os.name: &amp;apos;Windows 11&amp;apos;, os.arch: &amp;apos;amd64&amp;apos;, os.version: &amp;apos;10.0&amp;apos;, java.version: &amp;apos;21.0.6&amp;apos;
Driver info: io.appium.java_client.android.AndroidDriver
Command: [c95fb6c1-d87d-4169-a1c5-520aeb4aa3a7, findElement {value=//android.view.ViewGroup[@content-desc=&amp;quot;Asset Center&amp;quot;], using=xpath}]
Capabilities {appium:adbExecTimeout: 120000, appium:app: D:\itouch-qa\newtechadminap..., appium:appActivity: com.itouchtechadminapp.Main..., appium:appPackage: com.itouchtechadminapp, appium:autoGrantPermissions: true, appium:automationName: UiAutomator2, appium:databaseEnabled: false, appium:desired: {adbExecTimeout: 120000, app: D:\itouch-qa\newtechadminap..., autoGrantPermissions: true, automationName: UiAutomator2, deviceName: emulator-5554, disableWindowAnimation: true, ignoreHiddenApiPolicyError: true, newCommandTimeout: 600, noReset: false, platformName: ANDROID, skipDeviceInitialization: false, skipServerInstallation: false, udid: emulator-5554, uiautomator2ServerInstallTimeout: 120000, uiautomator2ServerLaunchTimeout: 120000, waitForIdleTimeout: 10000}, appium:deviceApiLevel: 33, appium:deviceManufacturer: Google, appium:deviceModel: sdk_gphone64_x86_64, appium:deviceName: emulator-5554, appium:deviceScreenDensity: 420, appium:deviceScreenSize: 1080x2400, appium:deviceUDID: emulator-5554, appium:disableWindowAnimation: true, appium:ignoreHiddenApiPolicyError: true, appium:javascriptEnabled: true, appium:locationContextEnabled: false, appium:networkConnectionEnabled: true, appium:newCommandTimeout: 600, appium:noReset: false, appium:pixelRatio: 2.625, appium:platformVersion: 13, appium:skipDeviceInitialization: false, appium:skipServerInstallation: false, appium:statBarHeight: 63, appium:takesScreenshot: true, appium:udid: emulator-5554, appium:uiautomator2ServerInstallTimeout: 120000, appium:uiautomator2ServerLaunchTimeout: 120000, appium:viewportRect: {height: 2337, left: 0, top: 63, width: 1080}, appium:waitForIdleTimeout: 10000, appium:warnings: {}, appium:webStorageEnabled: false, platformName: ANDROID}
Session ID: c95fb6c1-d87d-4169-a1c5-520aeb4aa3a7">
      <![CDATA[org.openqa.selenium.WebDriverException: 'POST /element' cannot be proxied to UiAutomator2 server because the instrumentation process is not running (probably crashed). Check the server log and/or the logcat output for more details
Build info: version: '4.33.0', revision: '2c6aaad03a'
System info: os.name: 'Windows 11', os.arch: 'amd64', os.version: '10.0', java.version: '21.0.6'
Driver info: io.appium.java_client.android.AndroidDriver
Command: [c95fb6c1-d87d-4169-a1c5-520aeb4aa3a7, findElement {value=//android.view.ViewGroup[@content-desc="Asset Center"], using=xpath}]
Capabilities {appium:adbExecTimeout: 120000, appium:app: D:\itouch-qa\newtechadminap..., appium:appActivity: com.itouchtechadminapp.Main..., appium:appPackage: com.itouchtechadminapp, appium:autoGrantPermissions: true, appium:automationName: UiAutomator2, appium:databaseEnabled: false, appium:desired: {adbExecTimeout: 120000, app: D:\itouch-qa\newtechadminap..., autoGrantPermissions: true, automationName: UiAutomator2, deviceName: emulator-5554, disableWindowAnimation: true, ignoreHiddenApiPolicyError: true, newCommandTimeout: 600, noReset: false, platformName: ANDROID, skipDeviceInitialization: false, skipServerInstallation: false, udid: emulator-5554, uiautomator2ServerInstallTimeout: 120000, uiautomator2ServerLaunchTimeout: 120000, waitForIdleTimeout: 10000}, appium:deviceApiLevel: 33, appium:deviceManufacturer: Google, appium:deviceModel: sdk_gphone64_x86_64, appium:deviceName: emulator-5554, appium:deviceScreenDensity: 420, appium:deviceScreenSize: 1080x2400, appium:deviceUDID: emulator-5554, appium:disableWindowAnimation: true, appium:ignoreHiddenApiPolicyError: true, appium:javascriptEnabled: true, appium:locationContextEnabled: false, appium:networkConnectionEnabled: true, appium:newCommandTimeout: 600, appium:noReset: false, appium:pixelRatio: 2.625, appium:platformVersion: 13, appium:skipDeviceInitialization: false, appium:skipServerInstallation: false, appium:statBarHeight: 63, appium:takesScreenshot: true, appium:udid: emulator-5554, appium:uiautomator2ServerInstallTimeout: 120000, appium:uiautomator2ServerLaunchTimeout: 120000, appium:viewportRect: {height: 2337, left: 0, top: 63, width: 1080}, appium:waitForIdleTimeout: 10000, appium:warnings: {}, appium:webStorageEnabled: false, platformName: ANDROID}
Session ID: c95fb6c1-d87d-4169-a1c5-520aeb4aa3a7
at org.openqa.selenium.remote.ErrorCodec.decode(ErrorCodec.java:167)
at org.openqa.selenium.remote.codec.w3c.W3CHttpResponseCodec.decode(W3CHttpResponseCodec.java:138)
at org.openqa.selenium.remote.codec.w3c.W3CHttpResponseCodec.decode(W3CHttpResponseCodec.java:50)
at org.openqa.selenium.remote.HttpCommandExecutor.execute(HttpCommandExecutor.java:215)
at io.appium.java_client.remote.AppiumCommandExecutor.execute(AppiumCommandExecutor.java:237)
at org.openqa.selenium.remote.RemoteWebDriver.execute(RemoteWebDriver.java:544)
at org.openqa.selenium.remote.ElementLocation$ElementFinder$2.findElement(ElementLocation.java:165)
at org.openqa.selenium.remote.ElementLocation.findElement(ElementLocation.java:59)
at org.openqa.selenium.remote.RemoteWebDriver.findElement(RemoteWebDriver.java:367)
at org.openqa.selenium.remote.RemoteWebDriver.findElement(RemoteWebDriver.java:361)
at io.appium.java_client.pagefactory.bys.ContentMappedBy.findElement(ContentMappedBy.java:53)
at org.openqa.selenium.remote.ElementLocation$ElementFinder$1.findElement(ElementLocation.java:139)
at org.openqa.selenium.remote.ElementLocation.findElement(ElementLocation.java:59)
at org.openqa.selenium.remote.RemoteWebDriver.findElement(RemoteWebDriver.java:367)
at org.openqa.selenium.remote.RemoteWebDriver.findElement(RemoteWebDriver.java:361)
at io.appium.java_client.pagefactory.AppiumElementLocator.lambda$findElement$1(AppiumElementLocator.java:160)
at io.appium.java_client.pagefactory.AppiumElementLocator$WaitingFunction.apply(AppiumElementLocator.java:217)
at io.appium.java_client.pagefactory.AppiumElementLocator$WaitingFunction.apply(AppiumElementLocator.java:210)
at org.openqa.selenium.support.ui.FluentWait.until(FluentWait.java:209)
at io.appium.java_client.pagefactory.AppiumElementLocator.waitFor(AppiumElementLocator.java:135)
at io.appium.java_client.pagefactory.AppiumElementLocator.findElement(AppiumElementLocator.java:160)
at io.appium.java_client.pagefactory.interceptors.InterceptorOfASingleElement.call(InterceptorOfASingleElement.java:75)
at io.appium.java_client.proxy.Interceptor.intercept(Interceptor.java:78)
at org.openqa.selenium.remote.RemoteWebElement$ByteBuddy$7Wiyt98H.isDisplayed(Unknown Source)
at org.openqa.selenium.support.ui.ExpectedConditions$23.apply(ExpectedConditions.java:793)
at org.openqa.selenium.support.ui.ExpectedConditions$23.apply(ExpectedConditions.java:786)
at org.openqa.selenium.support.ui.FluentWait.until(FluentWait.java:209)
at Pages.Device_Feature.createDevicemethod(Device_Feature.java:79)
at tests.CreateDeviceTest.testcreatedevice(CreateDeviceTest.java:38)
at java.base/java.util.ArrayList.forEach(ArrayList.java:1596)
... Removed 28 stack frames]]>
    </failure>
  </testcase> <!-- testcreatedevice -->
  <testcase classname="tests.CreateWardTest" name="testcreateward" time="2.046"/>
  <testcase classname="tests.CreateGatewayTest" name="testcreategateway" time="0.026">
    <failure type="org.openqa.selenium.WebDriverException" message="&amp;apos;POST /element&amp;apos; cannot be proxied to UiAutomator2 server because the instrumentation process is not running (probably crashed). Check the server log and/or the logcat output for more details
Build info: version: &amp;apos;4.33.0&amp;apos;, revision: &amp;apos;2c6aaad03a&amp;apos;
System info: os.name: &amp;apos;Windows 11&amp;apos;, os.arch: &amp;apos;amd64&amp;apos;, os.version: &amp;apos;10.0&amp;apos;, java.version: &amp;apos;21.0.6&amp;apos;
Driver info: io.appium.java_client.android.AndroidDriver
Command: [c95fb6c1-d87d-4169-a1c5-520aeb4aa3a7, findElement {value=//android.view.ViewGroup[@content-desc=&amp;quot;Asset Center&amp;quot;], using=xpath}]
Capabilities {appium:adbExecTimeout: 120000, appium:app: D:\itouch-qa\newtechadminap..., appium:appActivity: com.itouchtechadminapp.Main..., appium:appPackage: com.itouchtechadminapp, appium:autoGrantPermissions: true, appium:automationName: UiAutomator2, appium:databaseEnabled: false, appium:desired: {adbExecTimeout: 120000, app: D:\itouch-qa\newtechadminap..., autoGrantPermissions: true, automationName: UiAutomator2, deviceName: emulator-5554, disableWindowAnimation: true, ignoreHiddenApiPolicyError: true, newCommandTimeout: 600, noReset: false, platformName: ANDROID, skipDeviceInitialization: false, skipServerInstallation: false, udid: emulator-5554, uiautomator2ServerInstallTimeout: 120000, uiautomator2ServerLaunchTimeout: 120000, waitForIdleTimeout: 10000}, appium:deviceApiLevel: 33, appium:deviceManufacturer: Google, appium:deviceModel: sdk_gphone64_x86_64, appium:deviceName: emulator-5554, appium:deviceScreenDensity: 420, appium:deviceScreenSize: 1080x2400, appium:deviceUDID: emulator-5554, appium:disableWindowAnimation: true, appium:ignoreHiddenApiPolicyError: true, appium:javascriptEnabled: true, appium:locationContextEnabled: false, appium:networkConnectionEnabled: true, appium:newCommandTimeout: 600, appium:noReset: false, appium:pixelRatio: 2.625, appium:platformVersion: 13, appium:skipDeviceInitialization: false, appium:skipServerInstallation: false, appium:statBarHeight: 63, appium:takesScreenshot: true, appium:udid: emulator-5554, appium:uiautomator2ServerInstallTimeout: 120000, appium:uiautomator2ServerLaunchTimeout: 120000, appium:viewportRect: {height: 2337, left: 0, top: 63, width: 1080}, appium:waitForIdleTimeout: 10000, appium:warnings: {}, appium:webStorageEnabled: false, platformName: ANDROID}
Session ID: c95fb6c1-d87d-4169-a1c5-520aeb4aa3a7">
      <![CDATA[org.openqa.selenium.WebDriverException: 'POST /element' cannot be proxied to UiAutomator2 server because the instrumentation process is not running (probably crashed). Check the server log and/or the logcat output for more details
Build info: version: '4.33.0', revision: '2c6aaad03a'
System info: os.name: 'Windows 11', os.arch: 'amd64', os.version: '10.0', java.version: '21.0.6'
Driver info: io.appium.java_client.android.AndroidDriver
Command: [c95fb6c1-d87d-4169-a1c5-520aeb4aa3a7, findElement {value=//android.view.ViewGroup[@content-desc="Asset Center"], using=xpath}]
Capabilities {appium:adbExecTimeout: 120000, appium:app: D:\itouch-qa\newtechadminap..., appium:appActivity: com.itouchtechadminapp.Main..., appium:appPackage: com.itouchtechadminapp, appium:autoGrantPermissions: true, appium:automationName: UiAutomator2, appium:databaseEnabled: false, appium:desired: {adbExecTimeout: 120000, app: D:\itouch-qa\newtechadminap..., autoGrantPermissions: true, automationName: UiAutomator2, deviceName: emulator-5554, disableWindowAnimation: true, ignoreHiddenApiPolicyError: true, newCommandTimeout: 600, noReset: false, platformName: ANDROID, skipDeviceInitialization: false, skipServerInstallation: false, udid: emulator-5554, uiautomator2ServerInstallTimeout: 120000, uiautomator2ServerLaunchTimeout: 120000, waitForIdleTimeout: 10000}, appium:deviceApiLevel: 33, appium:deviceManufacturer: Google, appium:deviceModel: sdk_gphone64_x86_64, appium:deviceName: emulator-5554, appium:deviceScreenDensity: 420, appium:deviceScreenSize: 1080x2400, appium:deviceUDID: emulator-5554, appium:disableWindowAnimation: true, appium:ignoreHiddenApiPolicyError: true, appium:javascriptEnabled: true, appium:locationContextEnabled: false, appium:networkConnectionEnabled: true, appium:newCommandTimeout: 600, appium:noReset: false, appium:pixelRatio: 2.625, appium:platformVersion: 13, appium:skipDeviceInitialization: false, appium:skipServerInstallation: false, appium:statBarHeight: 63, appium:takesScreenshot: true, appium:udid: emulator-5554, appium:uiautomator2ServerInstallTimeout: 120000, appium:uiautomator2ServerLaunchTimeout: 120000, appium:viewportRect: {height: 2337, left: 0, top: 63, width: 1080}, appium:waitForIdleTimeout: 10000, appium:warnings: {}, appium:webStorageEnabled: false, platformName: ANDROID}
Session ID: c95fb6c1-d87d-4169-a1c5-520aeb4aa3a7
at org.openqa.selenium.remote.ErrorCodec.decode(ErrorCodec.java:167)
at org.openqa.selenium.remote.codec.w3c.W3CHttpResponseCodec.decode(W3CHttpResponseCodec.java:138)
at org.openqa.selenium.remote.codec.w3c.W3CHttpResponseCodec.decode(W3CHttpResponseCodec.java:50)
at org.openqa.selenium.remote.HttpCommandExecutor.execute(HttpCommandExecutor.java:215)
at io.appium.java_client.remote.AppiumCommandExecutor.execute(AppiumCommandExecutor.java:237)
at org.openqa.selenium.remote.RemoteWebDriver.execute(RemoteWebDriver.java:544)
at org.openqa.selenium.remote.ElementLocation$ElementFinder$2.findElement(ElementLocation.java:165)
at org.openqa.selenium.remote.ElementLocation.findElement(ElementLocation.java:59)
at org.openqa.selenium.remote.RemoteWebDriver.findElement(RemoteWebDriver.java:367)
at org.openqa.selenium.remote.RemoteWebDriver.findElement(RemoteWebDriver.java:361)
at io.appium.java_client.pagefactory.bys.ContentMappedBy.findElement(ContentMappedBy.java:53)
at org.openqa.selenium.remote.ElementLocation$ElementFinder$1.findElement(ElementLocation.java:139)
at org.openqa.selenium.remote.ElementLocation.findElement(ElementLocation.java:59)
at org.openqa.selenium.remote.RemoteWebDriver.findElement(RemoteWebDriver.java:367)
at org.openqa.selenium.remote.RemoteWebDriver.findElement(RemoteWebDriver.java:361)
at io.appium.java_client.pagefactory.AppiumElementLocator.lambda$findElement$1(AppiumElementLocator.java:160)
at io.appium.java_client.pagefactory.AppiumElementLocator$WaitingFunction.apply(AppiumElementLocator.java:217)
at io.appium.java_client.pagefactory.AppiumElementLocator$WaitingFunction.apply(AppiumElementLocator.java:210)
at org.openqa.selenium.support.ui.FluentWait.until(FluentWait.java:209)
at io.appium.java_client.pagefactory.AppiumElementLocator.waitFor(AppiumElementLocator.java:135)
at io.appium.java_client.pagefactory.AppiumElementLocator.findElement(AppiumElementLocator.java:160)
at io.appium.java_client.pagefactory.interceptors.InterceptorOfASingleElement.call(InterceptorOfASingleElement.java:75)
at io.appium.java_client.proxy.Interceptor.intercept(Interceptor.java:78)
at org.openqa.selenium.remote.RemoteWebElement$ByteBuddy$7Wiyt98H.isDisplayed(Unknown Source)
at org.openqa.selenium.support.ui.ExpectedConditions$23.apply(ExpectedConditions.java:793)
at org.openqa.selenium.support.ui.ExpectedConditions$23.apply(ExpectedConditions.java:786)
at org.openqa.selenium.support.ui.FluentWait.until(FluentWait.java:209)
at Pages.Gateway_Feature.createGatewaymethod(Gateway_Feature.java:68)
at tests.CreateGatewayTest.testcreategateway(CreateGatewayTest.java:46)
at java.base/java.util.ArrayList.forEach(ArrayList.java:1596)
... Removed 28 stack frames]]>
    </failure>
  </testcase> <!-- testcreategateway -->
  <testcase classname="tests.CreateShiftTest" name="testcreateshift" time="0.049"/>
  <testcase classname="tests.CreateBedTest" name="testcreatebed" time="0.037">
    <failure type="java.lang.RuntimeException" message="Bed creation failed">
      <![CDATA[java.lang.RuntimeException: Bed creation failed
at Pages.CreateBed_Feature.createBedMethod(CreateBed_Feature.java:80)
at tests.CreateBedTest.testcreatebed(CreateBedTest.java:46)
at java.base/java.util.ArrayList.forEach(ArrayList.java:1596)
Caused by: org.openqa.selenium.WebDriverException: 'POST /element' cannot be proxied to UiAutomator2 server because the instrumentation process is not running (probably crashed). Check the server log and/or the logcat output for more details
Build info: version: '4.33.0', revision: '2c6aaad03a'
System info: os.name: 'Windows 11', os.arch: 'amd64', os.version: '10.0', java.version: '21.0.6'
Driver info: io.appium.java_client.android.AndroidDriver
Command: [c95fb6c1-d87d-4169-a1c5-520aeb4aa3a7, findElement {value=//android.view.ViewGroup[@content-desc='Asset Center'], using=xpath}]
Capabilities {appium:adbExecTimeout: 120000, appium:app: D:\itouch-qa\newtechadminap..., appium:appActivity: com.itouchtechadminapp.Main..., appium:appPackage: com.itouchtechadminapp, appium:autoGrantPermissions: true, appium:automationName: UiAutomator2, appium:databaseEnabled: false, appium:desired: {adbExecTimeout: 120000, app: D:\itouch-qa\newtechadminap..., autoGrantPermissions: true, automationName: UiAutomator2, deviceName: emulator-5554, disableWindowAnimation: true, ignoreHiddenApiPolicyError: true, newCommandTimeout: 600, noReset: false, platformName: ANDROID, skipDeviceInitialization: false, skipServerInstallation: false, udid: emulator-5554, uiautomator2ServerInstallTimeout: 120000, uiautomator2ServerLaunchTimeout: 120000, waitForIdleTimeout: 10000}, appium:deviceApiLevel: 33, appium:deviceManufacturer: Google, appium:deviceModel: sdk_gphone64_x86_64, appium:deviceName: emulator-5554, appium:deviceScreenDensity: 420, appium:deviceScreenSize: 1080x2400, appium:deviceUDID: emulator-5554, appium:disableWindowAnimation: true, appium:ignoreHiddenApiPolicyError: true, appium:javascriptEnabled: true, appium:locationContextEnabled: false, appium:networkConnectionEnabled: true, appium:newCommandTimeout: 600, appium:noReset: false, appium:pixelRatio: 2.625, appium:platformVersion: 13, appium:skipDeviceInitialization: false, appium:skipServerInstallation: false, appium:statBarHeight: 63, appium:takesScreenshot: true, appium:udid: emulator-5554, appium:uiautomator2ServerInstallTimeout: 120000, appium:uiautomator2ServerLaunchTimeout: 120000, appium:viewportRect: {height: 2337, left: 0, top: 63, width: 1080}, appium:waitForIdleTimeout: 10000, appium:warnings: {}, appium:webStorageEnabled: false, platformName: ANDROID}
Session ID: c95fb6c1-d87d-4169-a1c5-520aeb4aa3a7
at org.openqa.selenium.remote.ErrorCodec.decode(ErrorCodec.java:167)
at org.openqa.selenium.remote.codec.w3c.W3CHttpResponseCodec.decode(W3CHttpResponseCodec.java:138)
at org.openqa.selenium.remote.codec.w3c.W3CHttpResponseCodec.decode(W3CHttpResponseCodec.java:50)
at org.openqa.selenium.remote.HttpCommandExecutor.execute(HttpCommandExecutor.java:215)
at io.appium.java_client.remote.AppiumCommandExecutor.execute(AppiumCommandExecutor.java:237)
at org.openqa.selenium.remote.RemoteWebDriver.execute(RemoteWebDriver.java:544)
at org.openqa.selenium.remote.ElementLocation$ElementFinder$2.findElement(ElementLocation.java:165)
at org.openqa.selenium.remote.ElementLocation.findElement(ElementLocation.java:59)
at org.openqa.selenium.remote.RemoteWebDriver.findElement(RemoteWebDriver.java:367)
at org.openqa.selenium.remote.RemoteWebDriver.findElement(RemoteWebDriver.java:361)
at io.appium.java_client.pagefactory.bys.ContentMappedBy.findElement(ContentMappedBy.java:53)
at org.openqa.selenium.remote.ElementLocation$ElementFinder$1.findElement(ElementLocation.java:139)
at org.openqa.selenium.remote.ElementLocation.findElement(ElementLocation.java:59)
at org.openqa.selenium.remote.RemoteWebDriver.findElement(RemoteWebDriver.java:367)
at org.openqa.selenium.remote.RemoteWebDriver.findElement(RemoteWebDriver.java:361)
at io.appium.java_client.pagefactory.AppiumElementLocator.lambda$findElement$1(AppiumElementLocator.java:160)
at io.appium.java_client.pagefactory.AppiumElementLocator$WaitingFunction.apply(AppiumElementLocator.java:217)
at io.appium.java_client.pagefactory.AppiumElementLocator$WaitingFunction.apply(AppiumElementLocator.java:210)
at org.openqa.selenium.support.ui.FluentWait.until(FluentWait.java:209)
at io.appium.java_client.pagefactory.AppiumElementLocator.waitFor(AppiumElementLocator.java:135)
at io.appium.java_client.pagefactory.AppiumElementLocator.findElement(AppiumElementLocator.java:160)
at io.appium.java_client.pagefactory.interceptors.InterceptorOfASingleElement.call(InterceptorOfASingleElement.java:75)
at io.appium.java_client.proxy.Interceptor.intercept(Interceptor.java:78)
at org.openqa.selenium.remote.RemoteWebElement$ByteBuddy$7Wiyt98H.isDisplayed(Unknown Source)
at org.openqa.selenium.support.ui.ExpectedConditions$23.apply(ExpectedConditions.java:793)
at org.openqa.selenium.support.ui.ExpectedConditions$23.apply(ExpectedConditions.java:786)
at org.openqa.selenium.support.ui.FluentWait.until(FluentWait.java:209)
at Pages.CreateBed_Feature.createBedMethod(CreateBed_Feature.java:57)
... 27 more
... Removed 28 stack frames]]>
    </failure>
  </testcase> <!-- testcreatebed -->
  <testcase classname="tests.AssignDoctorToShiftTest" name="testAssigndoctortoshift" time="0.08">
    <failure type="org.openqa.selenium.WebDriverException" message="&amp;apos;POST /element&amp;apos; cannot be proxied to UiAutomator2 server because the instrumentation process is not running (probably crashed). Check the server log and/or the logcat output for more details
Build info: version: &amp;apos;4.33.0&amp;apos;, revision: &amp;apos;2c6aaad03a&amp;apos;
System info: os.name: &amp;apos;Windows 11&amp;apos;, os.arch: &amp;apos;amd64&amp;apos;, os.version: &amp;apos;10.0&amp;apos;, java.version: &amp;apos;21.0.6&amp;apos;
Driver info: io.appium.java_client.android.AndroidDriver
Command: [c95fb6c1-d87d-4169-a1c5-520aeb4aa3a7, findElement {value=//android.view.ViewGroup[@content-desc=&amp;quot;Doctor Center&amp;quot;], using=xpath}]
Capabilities {appium:adbExecTimeout: 120000, appium:app: D:\itouch-qa\newtechadminap..., appium:appActivity: com.itouchtechadminapp.Main..., appium:appPackage: com.itouchtechadminapp, appium:autoGrantPermissions: true, appium:automationName: UiAutomator2, appium:databaseEnabled: false, appium:desired: {adbExecTimeout: 120000, app: D:\itouch-qa\newtechadminap..., autoGrantPermissions: true, automationName: UiAutomator2, deviceName: emulator-5554, disableWindowAnimation: true, ignoreHiddenApiPolicyError: true, newCommandTimeout: 600, noReset: false, platformName: ANDROID, skipDeviceInitialization: false, skipServerInstallation: false, udid: emulator-5554, uiautomator2ServerInstallTimeout: 120000, uiautomator2ServerLaunchTimeout: 120000, waitForIdleTimeout: 10000}, appium:deviceApiLevel: 33, appium:deviceManufacturer: Google, appium:deviceModel: sdk_gphone64_x86_64, appium:deviceName: emulator-5554, appium:deviceScreenDensity: 420, appium:deviceScreenSize: 1080x2400, appium:deviceUDID: emulator-5554, appium:disableWindowAnimation: true, appium:ignoreHiddenApiPolicyError: true, appium:javascriptEnabled: true, appium:locationContextEnabled: false, appium:networkConnectionEnabled: true, appium:newCommandTimeout: 600, appium:noReset: false, appium:pixelRatio: 2.625, appium:platformVersion: 13, appium:skipDeviceInitialization: false, appium:skipServerInstallation: false, appium:statBarHeight: 63, appium:takesScreenshot: true, appium:udid: emulator-5554, appium:uiautomator2ServerInstallTimeout: 120000, appium:uiautomator2ServerLaunchTimeout: 120000, appium:viewportRect: {height: 2337, left: 0, top: 63, width: 1080}, appium:waitForIdleTimeout: 10000, appium:warnings: {}, appium:webStorageEnabled: false, platformName: ANDROID}
Session ID: c95fb6c1-d87d-4169-a1c5-520aeb4aa3a7">
      <![CDATA[org.openqa.selenium.WebDriverException: 'POST /element' cannot be proxied to UiAutomator2 server because the instrumentation process is not running (probably crashed). Check the server log and/or the logcat output for more details
Build info: version: '4.33.0', revision: '2c6aaad03a'
System info: os.name: 'Windows 11', os.arch: 'amd64', os.version: '10.0', java.version: '21.0.6'
Driver info: io.appium.java_client.android.AndroidDriver
Command: [c95fb6c1-d87d-4169-a1c5-520aeb4aa3a7, findElement {value=//android.view.ViewGroup[@content-desc="Doctor Center"], using=xpath}]
Capabilities {appium:adbExecTimeout: 120000, appium:app: D:\itouch-qa\newtechadminap..., appium:appActivity: com.itouchtechadminapp.Main..., appium:appPackage: com.itouchtechadminapp, appium:autoGrantPermissions: true, appium:automationName: UiAutomator2, appium:databaseEnabled: false, appium:desired: {adbExecTimeout: 120000, app: D:\itouch-qa\newtechadminap..., autoGrantPermissions: true, automationName: UiAutomator2, deviceName: emulator-5554, disableWindowAnimation: true, ignoreHiddenApiPolicyError: true, newCommandTimeout: 600, noReset: false, platformName: ANDROID, skipDeviceInitialization: false, skipServerInstallation: false, udid: emulator-5554, uiautomator2ServerInstallTimeout: 120000, uiautomator2ServerLaunchTimeout: 120000, waitForIdleTimeout: 10000}, appium:deviceApiLevel: 33, appium:deviceManufacturer: Google, appium:deviceModel: sdk_gphone64_x86_64, appium:deviceName: emulator-5554, appium:deviceScreenDensity: 420, appium:deviceScreenSize: 1080x2400, appium:deviceUDID: emulator-5554, appium:disableWindowAnimation: true, appium:ignoreHiddenApiPolicyError: true, appium:javascriptEnabled: true, appium:locationContextEnabled: false, appium:networkConnectionEnabled: true, appium:newCommandTimeout: 600, appium:noReset: false, appium:pixelRatio: 2.625, appium:platformVersion: 13, appium:skipDeviceInitialization: false, appium:skipServerInstallation: false, appium:statBarHeight: 63, appium:takesScreenshot: true, appium:udid: emulator-5554, appium:uiautomator2ServerInstallTimeout: 120000, appium:uiautomator2ServerLaunchTimeout: 120000, appium:viewportRect: {height: 2337, left: 0, top: 63, width: 1080}, appium:waitForIdleTimeout: 10000, appium:warnings: {}, appium:webStorageEnabled: false, platformName: ANDROID}
Session ID: c95fb6c1-d87d-4169-a1c5-520aeb4aa3a7
at org.openqa.selenium.remote.ErrorCodec.decode(ErrorCodec.java:167)
at org.openqa.selenium.remote.codec.w3c.W3CHttpResponseCodec.decode(W3CHttpResponseCodec.java:138)
at org.openqa.selenium.remote.codec.w3c.W3CHttpResponseCodec.decode(W3CHttpResponseCodec.java:50)
at org.openqa.selenium.remote.HttpCommandExecutor.execute(HttpCommandExecutor.java:215)
at io.appium.java_client.remote.AppiumCommandExecutor.execute(AppiumCommandExecutor.java:237)
at org.openqa.selenium.remote.RemoteWebDriver.execute(RemoteWebDriver.java:544)
at org.openqa.selenium.remote.ElementLocation$ElementFinder$2.findElement(ElementLocation.java:165)
at org.openqa.selenium.remote.ElementLocation.findElement(ElementLocation.java:59)
at org.openqa.selenium.remote.RemoteWebDriver.findElement(RemoteWebDriver.java:367)
at org.openqa.selenium.remote.RemoteWebDriver.findElement(RemoteWebDriver.java:361)
at io.appium.java_client.pagefactory.bys.ContentMappedBy.findElement(ContentMappedBy.java:53)
at org.openqa.selenium.remote.ElementLocation$ElementFinder$1.findElement(ElementLocation.java:139)
at org.openqa.selenium.remote.ElementLocation.findElement(ElementLocation.java:59)
at org.openqa.selenium.remote.RemoteWebDriver.findElement(RemoteWebDriver.java:367)
at org.openqa.selenium.remote.RemoteWebDriver.findElement(RemoteWebDriver.java:361)
at io.appium.java_client.pagefactory.AppiumElementLocator.lambda$findElement$1(AppiumElementLocator.java:160)
at io.appium.java_client.pagefactory.AppiumElementLocator$WaitingFunction.apply(AppiumElementLocator.java:217)
at io.appium.java_client.pagefactory.AppiumElementLocator$WaitingFunction.apply(AppiumElementLocator.java:210)
at org.openqa.selenium.support.ui.FluentWait.until(FluentWait.java:209)
at io.appium.java_client.pagefactory.AppiumElementLocator.waitFor(AppiumElementLocator.java:135)
at io.appium.java_client.pagefactory.AppiumElementLocator.findElement(AppiumElementLocator.java:160)
at io.appium.java_client.pagefactory.interceptors.InterceptorOfASingleElement.call(InterceptorOfASingleElement.java:75)
at io.appium.java_client.proxy.Interceptor.intercept(Interceptor.java:78)
at org.openqa.selenium.remote.RemoteWebElement$ByteBuddy$7Wiyt98H.isDisplayed(Unknown Source)
at org.openqa.selenium.support.ui.ExpectedConditions$23.apply(ExpectedConditions.java:793)
at org.openqa.selenium.support.ui.ExpectedConditions$23.apply(ExpectedConditions.java:786)
at org.openqa.selenium.support.ui.FluentWait.until(FluentWait.java:209)
at Pages.DoctorAssignToShift.AssignDoctorToShiftmethod(DoctorAssignToShift.java:54)
at tests.AssignDoctorToShiftTest.testAssigndoctortoshift(AssignDoctorToShiftTest.java:47)
at java.base/java.util.ArrayList.forEach(ArrayList.java:1596)
... Removed 28 stack frames]]>
    </failure>
  </testcase> <!-- testAssigndoctortoshift -->
  <testcase classname="tests.AssignBedToNurse" name="testAssignnursetobed" time="0.205">
    <failure type="org.openqa.selenium.WebDriverException" message="&amp;apos;POST /element&amp;apos; cannot be proxied to UiAutomator2 server because the instrumentation process is not running (probably crashed). Check the server log and/or the logcat output for more details
Build info: version: &amp;apos;4.33.0&amp;apos;, revision: &amp;apos;2c6aaad03a&amp;apos;
System info: os.name: &amp;apos;Windows 11&amp;apos;, os.arch: &amp;apos;amd64&amp;apos;, os.version: &amp;apos;10.0&amp;apos;, java.version: &amp;apos;21.0.6&amp;apos;
Driver info: io.appium.java_client.android.AndroidDriver
Command: [c95fb6c1-d87d-4169-a1c5-520aeb4aa3a7, findElement {value=//android.view.ViewGroup[@content-desc=&amp;quot;Nurse Center&amp;quot;], using=xpath}]
Capabilities {appium:adbExecTimeout: 120000, appium:app: D:\itouch-qa\newtechadminap..., appium:appActivity: com.itouchtechadminapp.Main..., appium:appPackage: com.itouchtechadminapp, appium:autoGrantPermissions: true, appium:automationName: UiAutomator2, appium:databaseEnabled: false, appium:desired: {adbExecTimeout: 120000, app: D:\itouch-qa\newtechadminap..., autoGrantPermissions: true, automationName: UiAutomator2, deviceName: emulator-5554, disableWindowAnimation: true, ignoreHiddenApiPolicyError: true, newCommandTimeout: 600, noReset: false, platformName: ANDROID, skipDeviceInitialization: false, skipServerInstallation: false, udid: emulator-5554, uiautomator2ServerInstallTimeout: 120000, uiautomator2ServerLaunchTimeout: 120000, waitForIdleTimeout: 10000}, appium:deviceApiLevel: 33, appium:deviceManufacturer: Google, appium:deviceModel: sdk_gphone64_x86_64, appium:deviceName: emulator-5554, appium:deviceScreenDensity: 420, appium:deviceScreenSize: 1080x2400, appium:deviceUDID: emulator-5554, appium:disableWindowAnimation: true, appium:ignoreHiddenApiPolicyError: true, appium:javascriptEnabled: true, appium:locationContextEnabled: false, appium:networkConnectionEnabled: true, appium:newCommandTimeout: 600, appium:noReset: false, appium:pixelRatio: 2.625, appium:platformVersion: 13, appium:skipDeviceInitialization: false, appium:skipServerInstallation: false, appium:statBarHeight: 63, appium:takesScreenshot: true, appium:udid: emulator-5554, appium:uiautomator2ServerInstallTimeout: 120000, appium:uiautomator2ServerLaunchTimeout: 120000, appium:viewportRect: {height: 2337, left: 0, top: 63, width: 1080}, appium:waitForIdleTimeout: 10000, appium:warnings: {}, appium:webStorageEnabled: false, platformName: ANDROID}
Session ID: c95fb6c1-d87d-4169-a1c5-520aeb4aa3a7">
      <![CDATA[org.openqa.selenium.WebDriverException: 'POST /element' cannot be proxied to UiAutomator2 server because the instrumentation process is not running (probably crashed). Check the server log and/or the logcat output for more details
Build info: version: '4.33.0', revision: '2c6aaad03a'
System info: os.name: 'Windows 11', os.arch: 'amd64', os.version: '10.0', java.version: '21.0.6'
Driver info: io.appium.java_client.android.AndroidDriver
Command: [c95fb6c1-d87d-4169-a1c5-520aeb4aa3a7, findElement {value=//android.view.ViewGroup[@content-desc="Nurse Center"], using=xpath}]
Capabilities {appium:adbExecTimeout: 120000, appium:app: D:\itouch-qa\newtechadminap..., appium:appActivity: com.itouchtechadminapp.Main..., appium:appPackage: com.itouchtechadminapp, appium:autoGrantPermissions: true, appium:automationName: UiAutomator2, appium:databaseEnabled: false, appium:desired: {adbExecTimeout: 120000, app: D:\itouch-qa\newtechadminap..., autoGrantPermissions: true, automationName: UiAutomator2, deviceName: emulator-5554, disableWindowAnimation: true, ignoreHiddenApiPolicyError: true, newCommandTimeout: 600, noReset: false, platformName: ANDROID, skipDeviceInitialization: false, skipServerInstallation: false, udid: emulator-5554, uiautomator2ServerInstallTimeout: 120000, uiautomator2ServerLaunchTimeout: 120000, waitForIdleTimeout: 10000}, appium:deviceApiLevel: 33, appium:deviceManufacturer: Google, appium:deviceModel: sdk_gphone64_x86_64, appium:deviceName: emulator-5554, appium:deviceScreenDensity: 420, appium:deviceScreenSize: 1080x2400, appium:deviceUDID: emulator-5554, appium:disableWindowAnimation: true, appium:ignoreHiddenApiPolicyError: true, appium:javascriptEnabled: true, appium:locationContextEnabled: false, appium:networkConnectionEnabled: true, appium:newCommandTimeout: 600, appium:noReset: false, appium:pixelRatio: 2.625, appium:platformVersion: 13, appium:skipDeviceInitialization: false, appium:skipServerInstallation: false, appium:statBarHeight: 63, appium:takesScreenshot: true, appium:udid: emulator-5554, appium:uiautomator2ServerInstallTimeout: 120000, appium:uiautomator2ServerLaunchTimeout: 120000, appium:viewportRect: {height: 2337, left: 0, top: 63, width: 1080}, appium:waitForIdleTimeout: 10000, appium:warnings: {}, appium:webStorageEnabled: false, platformName: ANDROID}
Session ID: c95fb6c1-d87d-4169-a1c5-520aeb4aa3a7
at org.openqa.selenium.remote.ErrorCodec.decode(ErrorCodec.java:167)
at org.openqa.selenium.remote.codec.w3c.W3CHttpResponseCodec.decode(W3CHttpResponseCodec.java:138)
at org.openqa.selenium.remote.codec.w3c.W3CHttpResponseCodec.decode(W3CHttpResponseCodec.java:50)
at org.openqa.selenium.remote.HttpCommandExecutor.execute(HttpCommandExecutor.java:215)
at io.appium.java_client.remote.AppiumCommandExecutor.execute(AppiumCommandExecutor.java:237)
at org.openqa.selenium.remote.RemoteWebDriver.execute(RemoteWebDriver.java:544)
at org.openqa.selenium.remote.ElementLocation$ElementFinder$2.findElement(ElementLocation.java:165)
at org.openqa.selenium.remote.ElementLocation.findElement(ElementLocation.java:59)
at org.openqa.selenium.remote.RemoteWebDriver.findElement(RemoteWebDriver.java:367)
at org.openqa.selenium.remote.RemoteWebDriver.findElement(RemoteWebDriver.java:361)
at io.appium.java_client.pagefactory.bys.ContentMappedBy.findElement(ContentMappedBy.java:53)
at org.openqa.selenium.remote.ElementLocation$ElementFinder$1.findElement(ElementLocation.java:139)
at org.openqa.selenium.remote.ElementLocation.findElement(ElementLocation.java:59)
at org.openqa.selenium.remote.RemoteWebDriver.findElement(RemoteWebDriver.java:367)
at org.openqa.selenium.remote.RemoteWebDriver.findElement(RemoteWebDriver.java:361)
at io.appium.java_client.pagefactory.AppiumElementLocator.lambda$findElement$1(AppiumElementLocator.java:160)
at io.appium.java_client.pagefactory.AppiumElementLocator$WaitingFunction.apply(AppiumElementLocator.java:217)
at io.appium.java_client.pagefactory.AppiumElementLocator$WaitingFunction.apply(AppiumElementLocator.java:210)
at org.openqa.selenium.support.ui.FluentWait.until(FluentWait.java:209)
at io.appium.java_client.pagefactory.AppiumElementLocator.waitFor(AppiumElementLocator.java:135)
at io.appium.java_client.pagefactory.AppiumElementLocator.findElement(AppiumElementLocator.java:160)
at io.appium.java_client.pagefactory.interceptors.InterceptorOfASingleElement.call(InterceptorOfASingleElement.java:75)
at io.appium.java_client.proxy.Interceptor.intercept(Interceptor.java:78)
at org.openqa.selenium.remote.RemoteWebElement$ByteBuddy$7Wiyt98H.isDisplayed(Unknown Source)
at org.openqa.selenium.support.ui.ExpectedConditions$23.apply(ExpectedConditions.java:793)
at org.openqa.selenium.support.ui.ExpectedConditions$23.apply(ExpectedConditions.java:786)
at org.openqa.selenium.support.ui.FluentWait.until(FluentWait.java:209)
at Pages.NurseAssignToBed_Feature.AssignNurseToBedmethod(NurseAssignToBed_Feature.java:63)
at tests.AssignBedToNurse.testAssignnursetobed(AssignBedToNurse.java:46)
at java.base/java.util.ArrayList.forEach(ArrayList.java:1596)
... Removed 28 stack frames]]>
    </failure>
  </testcase> <!-- testAssignnursetobed -->
  <testcase classname="tests.AssignNurseToShift" name="testAssignnursetoshift" time="0.112">
    <failure type="org.openqa.selenium.WebDriverException" message="&amp;apos;POST /element&amp;apos; cannot be proxied to UiAutomator2 server because the instrumentation process is not running (probably crashed). Check the server log and/or the logcat output for more details
Build info: version: &amp;apos;4.33.0&amp;apos;, revision: &amp;apos;2c6aaad03a&amp;apos;
System info: os.name: &amp;apos;Windows 11&amp;apos;, os.arch: &amp;apos;amd64&amp;apos;, os.version: &amp;apos;10.0&amp;apos;, java.version: &amp;apos;21.0.6&amp;apos;
Driver info: io.appium.java_client.android.AndroidDriver
Command: [c95fb6c1-d87d-4169-a1c5-520aeb4aa3a7, findElement {value=//android.view.ViewGroup[@content-desc=&amp;quot;Nurse Center&amp;quot;], using=xpath}]
Capabilities {appium:adbExecTimeout: 120000, appium:app: D:\itouch-qa\newtechadminap..., appium:appActivity: com.itouchtechadminapp.Main..., appium:appPackage: com.itouchtechadminapp, appium:autoGrantPermissions: true, appium:automationName: UiAutomator2, appium:databaseEnabled: false, appium:desired: {adbExecTimeout: 120000, app: D:\itouch-qa\newtechadminap..., autoGrantPermissions: true, automationName: UiAutomator2, deviceName: emulator-5554, disableWindowAnimation: true, ignoreHiddenApiPolicyError: true, newCommandTimeout: 600, noReset: false, platformName: ANDROID, skipDeviceInitialization: false, skipServerInstallation: false, udid: emulator-5554, uiautomator2ServerInstallTimeout: 120000, uiautomator2ServerLaunchTimeout: 120000, waitForIdleTimeout: 10000}, appium:deviceApiLevel: 33, appium:deviceManufacturer: Google, appium:deviceModel: sdk_gphone64_x86_64, appium:deviceName: emulator-5554, appium:deviceScreenDensity: 420, appium:deviceScreenSize: 1080x2400, appium:deviceUDID: emulator-5554, appium:disableWindowAnimation: true, appium:ignoreHiddenApiPolicyError: true, appium:javascriptEnabled: true, appium:locationContextEnabled: false, appium:networkConnectionEnabled: true, appium:newCommandTimeout: 600, appium:noReset: false, appium:pixelRatio: 2.625, appium:platformVersion: 13, appium:skipDeviceInitialization: false, appium:skipServerInstallation: false, appium:statBarHeight: 63, appium:takesScreenshot: true, appium:udid: emulator-5554, appium:uiautomator2ServerInstallTimeout: 120000, appium:uiautomator2ServerLaunchTimeout: 120000, appium:viewportRect: {height: 2337, left: 0, top: 63, width: 1080}, appium:waitForIdleTimeout: 10000, appium:warnings: {}, appium:webStorageEnabled: false, platformName: ANDROID}
Session ID: c95fb6c1-d87d-4169-a1c5-520aeb4aa3a7">
      <![CDATA[org.openqa.selenium.WebDriverException: 'POST /element' cannot be proxied to UiAutomator2 server because the instrumentation process is not running (probably crashed). Check the server log and/or the logcat output for more details
Build info: version: '4.33.0', revision: '2c6aaad03a'
System info: os.name: 'Windows 11', os.arch: 'amd64', os.version: '10.0', java.version: '21.0.6'
Driver info: io.appium.java_client.android.AndroidDriver
Command: [c95fb6c1-d87d-4169-a1c5-520aeb4aa3a7, findElement {value=//android.view.ViewGroup[@content-desc="Nurse Center"], using=xpath}]
Capabilities {appium:adbExecTimeout: 120000, appium:app: D:\itouch-qa\newtechadminap..., appium:appActivity: com.itouchtechadminapp.Main..., appium:appPackage: com.itouchtechadminapp, appium:autoGrantPermissions: true, appium:automationName: UiAutomator2, appium:databaseEnabled: false, appium:desired: {adbExecTimeout: 120000, app: D:\itouch-qa\newtechadminap..., autoGrantPermissions: true, automationName: UiAutomator2, deviceName: emulator-5554, disableWindowAnimation: true, ignoreHiddenApiPolicyError: true, newCommandTimeout: 600, noReset: false, platformName: ANDROID, skipDeviceInitialization: false, skipServerInstallation: false, udid: emulator-5554, uiautomator2ServerInstallTimeout: 120000, uiautomator2ServerLaunchTimeout: 120000, waitForIdleTimeout: 10000}, appium:deviceApiLevel: 33, appium:deviceManufacturer: Google, appium:deviceModel: sdk_gphone64_x86_64, appium:deviceName: emulator-5554, appium:deviceScreenDensity: 420, appium:deviceScreenSize: 1080x2400, appium:deviceUDID: emulator-5554, appium:disableWindowAnimation: true, appium:ignoreHiddenApiPolicyError: true, appium:javascriptEnabled: true, appium:locationContextEnabled: false, appium:networkConnectionEnabled: true, appium:newCommandTimeout: 600, appium:noReset: false, appium:pixelRatio: 2.625, appium:platformVersion: 13, appium:skipDeviceInitialization: false, appium:skipServerInstallation: false, appium:statBarHeight: 63, appium:takesScreenshot: true, appium:udid: emulator-5554, appium:uiautomator2ServerInstallTimeout: 120000, appium:uiautomator2ServerLaunchTimeout: 120000, appium:viewportRect: {height: 2337, left: 0, top: 63, width: 1080}, appium:waitForIdleTimeout: 10000, appium:warnings: {}, appium:webStorageEnabled: false, platformName: ANDROID}
Session ID: c95fb6c1-d87d-4169-a1c5-520aeb4aa3a7
at org.openqa.selenium.remote.ErrorCodec.decode(ErrorCodec.java:167)
at org.openqa.selenium.remote.codec.w3c.W3CHttpResponseCodec.decode(W3CHttpResponseCodec.java:138)
at org.openqa.selenium.remote.codec.w3c.W3CHttpResponseCodec.decode(W3CHttpResponseCodec.java:50)
at org.openqa.selenium.remote.HttpCommandExecutor.execute(HttpCommandExecutor.java:215)
at io.appium.java_client.remote.AppiumCommandExecutor.execute(AppiumCommandExecutor.java:237)
at org.openqa.selenium.remote.RemoteWebDriver.execute(RemoteWebDriver.java:544)
at org.openqa.selenium.remote.ElementLocation$ElementFinder$2.findElement(ElementLocation.java:165)
at org.openqa.selenium.remote.ElementLocation.findElement(ElementLocation.java:59)
at org.openqa.selenium.remote.RemoteWebDriver.findElement(RemoteWebDriver.java:367)
at org.openqa.selenium.remote.RemoteWebDriver.findElement(RemoteWebDriver.java:361)
at io.appium.java_client.pagefactory.bys.ContentMappedBy.findElement(ContentMappedBy.java:53)
at org.openqa.selenium.remote.ElementLocation$ElementFinder$1.findElement(ElementLocation.java:139)
at org.openqa.selenium.remote.ElementLocation.findElement(ElementLocation.java:59)
at org.openqa.selenium.remote.RemoteWebDriver.findElement(RemoteWebDriver.java:367)
at org.openqa.selenium.remote.RemoteWebDriver.findElement(RemoteWebDriver.java:361)
at io.appium.java_client.pagefactory.AppiumElementLocator.lambda$findElement$1(AppiumElementLocator.java:160)
at io.appium.java_client.pagefactory.AppiumElementLocator$WaitingFunction.apply(AppiumElementLocator.java:217)
at io.appium.java_client.pagefactory.AppiumElementLocator$WaitingFunction.apply(AppiumElementLocator.java:210)
at org.openqa.selenium.support.ui.FluentWait.until(FluentWait.java:209)
at io.appium.java_client.pagefactory.AppiumElementLocator.waitFor(AppiumElementLocator.java:135)
at io.appium.java_client.pagefactory.AppiumElementLocator.findElement(AppiumElementLocator.java:160)
at io.appium.java_client.pagefactory.interceptors.InterceptorOfASingleElement.call(InterceptorOfASingleElement.java:75)
at io.appium.java_client.proxy.Interceptor.intercept(Interceptor.java:78)
at org.openqa.selenium.remote.RemoteWebElement$ByteBuddy$7Wiyt98H.isDisplayed(Unknown Source)
at org.openqa.selenium.support.ui.ExpectedConditions$23.apply(ExpectedConditions.java:793)
at org.openqa.selenium.support.ui.ExpectedConditions$23.apply(ExpectedConditions.java:786)
at org.openqa.selenium.support.ui.FluentWait.until(FluentWait.java:209)
at Pages.NurseAssignToShift.AssignNurseToShiftmethod(NurseAssignToShift.java:55)
at tests.AssignNurseToShift.testAssignnursetoshift(AssignNurseToShift.java:47)
at java.base/java.util.ArrayList.forEach(ArrayList.java:1596)
... Removed 28 stack frames]]>
    </failure>
  </testcase> <!-- testAssignnursetoshift -->
  <testcase classname="tests.DeviceConfigTest" name="testdeviceconfig" time="0.12">
    <failure type="org.openqa.selenium.WebDriverException" message="&amp;apos;POST /element&amp;apos; cannot be proxied to UiAutomator2 server because the instrumentation process is not running (probably crashed). Check the server log and/or the logcat output for more details
Build info: version: &amp;apos;4.33.0&amp;apos;, revision: &amp;apos;2c6aaad03a&amp;apos;
System info: os.name: &amp;apos;Windows 11&amp;apos;, os.arch: &amp;apos;amd64&amp;apos;, os.version: &amp;apos;10.0&amp;apos;, java.version: &amp;apos;21.0.6&amp;apos;
Driver info: io.appium.java_client.android.AndroidDriver
Command: [c95fb6c1-d87d-4169-a1c5-520aeb4aa3a7, findElement {value=//android.view.ViewGroup[@content-desc=&amp;quot;Asset Center&amp;quot;], using=xpath}]
Capabilities {appium:adbExecTimeout: 120000, appium:app: D:\itouch-qa\newtechadminap..., appium:appActivity: com.itouchtechadminapp.Main..., appium:appPackage: com.itouchtechadminapp, appium:autoGrantPermissions: true, appium:automationName: UiAutomator2, appium:databaseEnabled: false, appium:desired: {adbExecTimeout: 120000, app: D:\itouch-qa\newtechadminap..., autoGrantPermissions: true, automationName: UiAutomator2, deviceName: emulator-5554, disableWindowAnimation: true, ignoreHiddenApiPolicyError: true, newCommandTimeout: 600, noReset: false, platformName: ANDROID, skipDeviceInitialization: false, skipServerInstallation: false, udid: emulator-5554, uiautomator2ServerInstallTimeout: 120000, uiautomator2ServerLaunchTimeout: 120000, waitForIdleTimeout: 10000}, appium:deviceApiLevel: 33, appium:deviceManufacturer: Google, appium:deviceModel: sdk_gphone64_x86_64, appium:deviceName: emulator-5554, appium:deviceScreenDensity: 420, appium:deviceScreenSize: 1080x2400, appium:deviceUDID: emulator-5554, appium:disableWindowAnimation: true, appium:ignoreHiddenApiPolicyError: true, appium:javascriptEnabled: true, appium:locationContextEnabled: false, appium:networkConnectionEnabled: true, appium:newCommandTimeout: 600, appium:noReset: false, appium:pixelRatio: 2.625, appium:platformVersion: 13, appium:skipDeviceInitialization: false, appium:skipServerInstallation: false, appium:statBarHeight: 63, appium:takesScreenshot: true, appium:udid: emulator-5554, appium:uiautomator2ServerInstallTimeout: 120000, appium:uiautomator2ServerLaunchTimeout: 120000, appium:viewportRect: {height: 2337, left: 0, top: 63, width: 1080}, appium:waitForIdleTimeout: 10000, appium:warnings: {}, appium:webStorageEnabled: false, platformName: ANDROID}
Session ID: c95fb6c1-d87d-4169-a1c5-520aeb4aa3a7">
      <![CDATA[org.openqa.selenium.WebDriverException: 'POST /element' cannot be proxied to UiAutomator2 server because the instrumentation process is not running (probably crashed). Check the server log and/or the logcat output for more details
Build info: version: '4.33.0', revision: '2c6aaad03a'
System info: os.name: 'Windows 11', os.arch: 'amd64', os.version: '10.0', java.version: '21.0.6'
Driver info: io.appium.java_client.android.AndroidDriver
Command: [c95fb6c1-d87d-4169-a1c5-520aeb4aa3a7, findElement {value=//android.view.ViewGroup[@content-desc="Asset Center"], using=xpath}]
Capabilities {appium:adbExecTimeout: 120000, appium:app: D:\itouch-qa\newtechadminap..., appium:appActivity: com.itouchtechadminapp.Main..., appium:appPackage: com.itouchtechadminapp, appium:autoGrantPermissions: true, appium:automationName: UiAutomator2, appium:databaseEnabled: false, appium:desired: {adbExecTimeout: 120000, app: D:\itouch-qa\newtechadminap..., autoGrantPermissions: true, automationName: UiAutomator2, deviceName: emulator-5554, disableWindowAnimation: true, ignoreHiddenApiPolicyError: true, newCommandTimeout: 600, noReset: false, platformName: ANDROID, skipDeviceInitialization: false, skipServerInstallation: false, udid: emulator-5554, uiautomator2ServerInstallTimeout: 120000, uiautomator2ServerLaunchTimeout: 120000, waitForIdleTimeout: 10000}, appium:deviceApiLevel: 33, appium:deviceManufacturer: Google, appium:deviceModel: sdk_gphone64_x86_64, appium:deviceName: emulator-5554, appium:deviceScreenDensity: 420, appium:deviceScreenSize: 1080x2400, appium:deviceUDID: emulator-5554, appium:disableWindowAnimation: true, appium:ignoreHiddenApiPolicyError: true, appium:javascriptEnabled: true, appium:locationContextEnabled: false, appium:networkConnectionEnabled: true, appium:newCommandTimeout: 600, appium:noReset: false, appium:pixelRatio: 2.625, appium:platformVersion: 13, appium:skipDeviceInitialization: false, appium:skipServerInstallation: false, appium:statBarHeight: 63, appium:takesScreenshot: true, appium:udid: emulator-5554, appium:uiautomator2ServerInstallTimeout: 120000, appium:uiautomator2ServerLaunchTimeout: 120000, appium:viewportRect: {height: 2337, left: 0, top: 63, width: 1080}, appium:waitForIdleTimeout: 10000, appium:warnings: {}, appium:webStorageEnabled: false, platformName: ANDROID}
Session ID: c95fb6c1-d87d-4169-a1c5-520aeb4aa3a7
at org.openqa.selenium.remote.ErrorCodec.decode(ErrorCodec.java:167)
at org.openqa.selenium.remote.codec.w3c.W3CHttpResponseCodec.decode(W3CHttpResponseCodec.java:138)
at org.openqa.selenium.remote.codec.w3c.W3CHttpResponseCodec.decode(W3CHttpResponseCodec.java:50)
at org.openqa.selenium.remote.HttpCommandExecutor.execute(HttpCommandExecutor.java:215)
at io.appium.java_client.remote.AppiumCommandExecutor.execute(AppiumCommandExecutor.java:237)
at org.openqa.selenium.remote.RemoteWebDriver.execute(RemoteWebDriver.java:544)
at org.openqa.selenium.remote.ElementLocation$ElementFinder$2.findElement(ElementLocation.java:165)
at org.openqa.selenium.remote.ElementLocation.findElement(ElementLocation.java:59)
at org.openqa.selenium.remote.RemoteWebDriver.findElement(RemoteWebDriver.java:367)
at org.openqa.selenium.remote.RemoteWebDriver.findElement(RemoteWebDriver.java:361)
at io.appium.java_client.pagefactory.bys.ContentMappedBy.findElement(ContentMappedBy.java:53)
at org.openqa.selenium.remote.ElementLocation$ElementFinder$1.findElement(ElementLocation.java:139)
at org.openqa.selenium.remote.ElementLocation.findElement(ElementLocation.java:59)
at org.openqa.selenium.remote.RemoteWebDriver.findElement(RemoteWebDriver.java:367)
at org.openqa.selenium.remote.RemoteWebDriver.findElement(RemoteWebDriver.java:361)
at io.appium.java_client.pagefactory.AppiumElementLocator.lambda$findElement$1(AppiumElementLocator.java:160)
at io.appium.java_client.pagefactory.AppiumElementLocator$WaitingFunction.apply(AppiumElementLocator.java:217)
at io.appium.java_client.pagefactory.AppiumElementLocator$WaitingFunction.apply(AppiumElementLocator.java:210)
at org.openqa.selenium.support.ui.FluentWait.until(FluentWait.java:209)
at io.appium.java_client.pagefactory.AppiumElementLocator.waitFor(AppiumElementLocator.java:135)
at io.appium.java_client.pagefactory.AppiumElementLocator.findElement(AppiumElementLocator.java:160)
at io.appium.java_client.pagefactory.interceptors.InterceptorOfASingleElement.call(InterceptorOfASingleElement.java:75)
at io.appium.java_client.proxy.Interceptor.intercept(Interceptor.java:78)
at org.openqa.selenium.remote.RemoteWebElement$ByteBuddy$7Wiyt98H.isDisplayed(Unknown Source)
at org.openqa.selenium.support.ui.ExpectedConditions$23.apply(ExpectedConditions.java:793)
at org.openqa.selenium.support.ui.ExpectedConditions$23.apply(ExpectedConditions.java:786)
at org.openqa.selenium.support.ui.FluentWait.until(FluentWait.java:209)
at Pages.Device_Config_feature.Deviceconfigmethod(Device_Config_feature.java:76)
at tests.DeviceConfigTest.testdeviceconfig(DeviceConfigTest.java:44)
at java.base/java.util.ArrayList.forEach(ArrayList.java:1596)
... Removed 28 stack frames]]>
    </failure>
  </testcase> <!-- testdeviceconfig -->
  <testcase classname="tests.AssignDeviceToBedTest" name="testAssigndevicetobed" time="0.069">
    <failure type="org.openqa.selenium.WebDriverException" message="&amp;apos;POST /element&amp;apos; cannot be proxied to UiAutomator2 server because the instrumentation process is not running (probably crashed). Check the server log and/or the logcat output for more details
Build info: version: &amp;apos;4.33.0&amp;apos;, revision: &amp;apos;2c6aaad03a&amp;apos;
System info: os.name: &amp;apos;Windows 11&amp;apos;, os.arch: &amp;apos;amd64&amp;apos;, os.version: &amp;apos;10.0&amp;apos;, java.version: &amp;apos;21.0.6&amp;apos;
Driver info: io.appium.java_client.android.AndroidDriver
Command: [c95fb6c1-d87d-4169-a1c5-520aeb4aa3a7, findElement {value=//android.view.ViewGroup[@content-desc=&amp;quot;Asset Center&amp;quot;], using=xpath}]
Capabilities {appium:adbExecTimeout: 120000, appium:app: D:\itouch-qa\newtechadminap..., appium:appActivity: com.itouchtechadminapp.Main..., appium:appPackage: com.itouchtechadminapp, appium:autoGrantPermissions: true, appium:automationName: UiAutomator2, appium:databaseEnabled: false, appium:desired: {adbExecTimeout: 120000, app: D:\itouch-qa\newtechadminap..., autoGrantPermissions: true, automationName: UiAutomator2, deviceName: emulator-5554, disableWindowAnimation: true, ignoreHiddenApiPolicyError: true, newCommandTimeout: 600, noReset: false, platformName: ANDROID, skipDeviceInitialization: false, skipServerInstallation: false, udid: emulator-5554, uiautomator2ServerInstallTimeout: 120000, uiautomator2ServerLaunchTimeout: 120000, waitForIdleTimeout: 10000}, appium:deviceApiLevel: 33, appium:deviceManufacturer: Google, appium:deviceModel: sdk_gphone64_x86_64, appium:deviceName: emulator-5554, appium:deviceScreenDensity: 420, appium:deviceScreenSize: 1080x2400, appium:deviceUDID: emulator-5554, appium:disableWindowAnimation: true, appium:ignoreHiddenApiPolicyError: true, appium:javascriptEnabled: true, appium:locationContextEnabled: false, appium:networkConnectionEnabled: true, appium:newCommandTimeout: 600, appium:noReset: false, appium:pixelRatio: 2.625, appium:platformVersion: 13, appium:skipDeviceInitialization: false, appium:skipServerInstallation: false, appium:statBarHeight: 63, appium:takesScreenshot: true, appium:udid: emulator-5554, appium:uiautomator2ServerInstallTimeout: 120000, appium:uiautomator2ServerLaunchTimeout: 120000, appium:viewportRect: {height: 2337, left: 0, top: 63, width: 1080}, appium:waitForIdleTimeout: 10000, appium:warnings: {}, appium:webStorageEnabled: false, platformName: ANDROID}
Session ID: c95fb6c1-d87d-4169-a1c5-520aeb4aa3a7">
      <![CDATA[org.openqa.selenium.WebDriverException: 'POST /element' cannot be proxied to UiAutomator2 server because the instrumentation process is not running (probably crashed). Check the server log and/or the logcat output for more details
Build info: version: '4.33.0', revision: '2c6aaad03a'
System info: os.name: 'Windows 11', os.arch: 'amd64', os.version: '10.0', java.version: '21.0.6'
Driver info: io.appium.java_client.android.AndroidDriver
Command: [c95fb6c1-d87d-4169-a1c5-520aeb4aa3a7, findElement {value=//android.view.ViewGroup[@content-desc="Asset Center"], using=xpath}]
Capabilities {appium:adbExecTimeout: 120000, appium:app: D:\itouch-qa\newtechadminap..., appium:appActivity: com.itouchtechadminapp.Main..., appium:appPackage: com.itouchtechadminapp, appium:autoGrantPermissions: true, appium:automationName: UiAutomator2, appium:databaseEnabled: false, appium:desired: {adbExecTimeout: 120000, app: D:\itouch-qa\newtechadminap..., autoGrantPermissions: true, automationName: UiAutomator2, deviceName: emulator-5554, disableWindowAnimation: true, ignoreHiddenApiPolicyError: true, newCommandTimeout: 600, noReset: false, platformName: ANDROID, skipDeviceInitialization: false, skipServerInstallation: false, udid: emulator-5554, uiautomator2ServerInstallTimeout: 120000, uiautomator2ServerLaunchTimeout: 120000, waitForIdleTimeout: 10000}, appium:deviceApiLevel: 33, appium:deviceManufacturer: Google, appium:deviceModel: sdk_gphone64_x86_64, appium:deviceName: emulator-5554, appium:deviceScreenDensity: 420, appium:deviceScreenSize: 1080x2400, appium:deviceUDID: emulator-5554, appium:disableWindowAnimation: true, appium:ignoreHiddenApiPolicyError: true, appium:javascriptEnabled: true, appium:locationContextEnabled: false, appium:networkConnectionEnabled: true, appium:newCommandTimeout: 600, appium:noReset: false, appium:pixelRatio: 2.625, appium:platformVersion: 13, appium:skipDeviceInitialization: false, appium:skipServerInstallation: false, appium:statBarHeight: 63, appium:takesScreenshot: true, appium:udid: emulator-5554, appium:uiautomator2ServerInstallTimeout: 120000, appium:uiautomator2ServerLaunchTimeout: 120000, appium:viewportRect: {height: 2337, left: 0, top: 63, width: 1080}, appium:waitForIdleTimeout: 10000, appium:warnings: {}, appium:webStorageEnabled: false, platformName: ANDROID}
Session ID: c95fb6c1-d87d-4169-a1c5-520aeb4aa3a7
at org.openqa.selenium.remote.ErrorCodec.decode(ErrorCodec.java:167)
at org.openqa.selenium.remote.codec.w3c.W3CHttpResponseCodec.decode(W3CHttpResponseCodec.java:138)
at org.openqa.selenium.remote.codec.w3c.W3CHttpResponseCodec.decode(W3CHttpResponseCodec.java:50)
at org.openqa.selenium.remote.HttpCommandExecutor.execute(HttpCommandExecutor.java:215)
at io.appium.java_client.remote.AppiumCommandExecutor.execute(AppiumCommandExecutor.java:237)
at org.openqa.selenium.remote.RemoteWebDriver.execute(RemoteWebDriver.java:544)
at org.openqa.selenium.remote.ElementLocation$ElementFinder$2.findElement(ElementLocation.java:165)
at org.openqa.selenium.remote.ElementLocation.findElement(ElementLocation.java:59)
at org.openqa.selenium.remote.RemoteWebDriver.findElement(RemoteWebDriver.java:367)
at org.openqa.selenium.remote.RemoteWebDriver.findElement(RemoteWebDriver.java:361)
at io.appium.java_client.pagefactory.bys.ContentMappedBy.findElement(ContentMappedBy.java:53)
at org.openqa.selenium.remote.ElementLocation$ElementFinder$1.findElement(ElementLocation.java:139)
at org.openqa.selenium.remote.ElementLocation.findElement(ElementLocation.java:59)
at org.openqa.selenium.remote.RemoteWebDriver.findElement(RemoteWebDriver.java:367)
at org.openqa.selenium.remote.RemoteWebDriver.findElement(RemoteWebDriver.java:361)
at io.appium.java_client.pagefactory.AppiumElementLocator.lambda$findElement$1(AppiumElementLocator.java:160)
at io.appium.java_client.pagefactory.AppiumElementLocator$WaitingFunction.apply(AppiumElementLocator.java:217)
at io.appium.java_client.pagefactory.AppiumElementLocator$WaitingFunction.apply(AppiumElementLocator.java:210)
at org.openqa.selenium.support.ui.FluentWait.until(FluentWait.java:209)
at io.appium.java_client.pagefactory.AppiumElementLocator.waitFor(AppiumElementLocator.java:135)
at io.appium.java_client.pagefactory.AppiumElementLocator.findElement(AppiumElementLocator.java:160)
at io.appium.java_client.pagefactory.interceptors.InterceptorOfASingleElement.call(InterceptorOfASingleElement.java:75)
at io.appium.java_client.proxy.Interceptor.intercept(Interceptor.java:78)
at org.openqa.selenium.remote.RemoteWebElement$ByteBuddy$7Wiyt98H.isDisplayed(Unknown Source)
at org.openqa.selenium.support.ui.ExpectedConditions$23.apply(ExpectedConditions.java:793)
at org.openqa.selenium.support.ui.ExpectedConditions$23.apply(ExpectedConditions.java:786)
at org.openqa.selenium.support.ui.FluentWait.until(FluentWait.java:209)
at Pages.DeviceAssignToBed_Feature.AssignDeviceToBedmethod(DeviceAssignToBed_Feature.java:68)
at tests.AssignDeviceToBedTest.testAssigndevicetobed(AssignDeviceToBedTest.java:45)
at java.base/java.util.ArrayList.forEach(ArrayList.java:1596)
... Removed 28 stack frames]]>
    </failure>
  </testcase> <!-- testAssigndevicetobed -->
  <testcase classname="tests.AdmitPatientTest" name="testadmitpatient" time="0.079"/>
  <testcase classname="Pages.BaseClass" name="@BeforeTest setup" time="0.0">
    <ignored/>
  </testcase> <!-- @BeforeTest setup -->
  <testcase classname="Pages.BaseClass" name="@BeforeTest setup" time="0.0">
    <ignored/>
  </testcase> <!-- @BeforeTest setup -->
  <testcase classname="Pages.BaseClass" name="@BeforeTest setup" time="0.0">
    <ignored/>
  </testcase> <!-- @BeforeTest setup -->
  <testcase classname="Pages.BaseClass" name="@BeforeTest setup" time="0.0">
    <ignored/>
  </testcase> <!-- @BeforeTest setup -->
  <testcase classname="Pages.BaseClass" name="@BeforeTest setup" time="0.0">
    <ignored/>
  </testcase> <!-- @BeforeTest setup -->
  <testcase classname="Pages.BaseClass" name="@BeforeTest setup" time="0.0">
    <ignored/>
  </testcase> <!-- @BeforeTest setup -->
  <testcase classname="Pages.BaseClass" name="@BeforeTest setup" time="0.0">
    <ignored/>
  </testcase> <!-- @BeforeTest setup -->
  <testcase classname="Pages.BaseClass" name="@BeforeTest setup" time="0.0">
    <ignored/>
  </testcase> <!-- @BeforeTest setup -->
  <testcase classname="Pages.BaseClass" name="@BeforeTest setup" time="0.0">
    <ignored/>
  </testcase> <!-- @BeforeTest setup -->
  <testcase classname="Pages.BaseClass" name="@BeforeTest setup" time="0.0">
    <ignored/>
  </testcase> <!-- @BeforeTest setup -->
  <testcase classname="Pages.BaseClass" name="@BeforeTest setup" time="0.0">
    <ignored/>
  </testcase> <!-- @BeforeTest setup -->
  <testcase classname="Pages.BaseClass" name="@BeforeTest setup" time="0.0">
    <ignored/>
  </testcase> <!-- @BeforeTest setup -->
  <testcase classname="Pages.BaseClass" name="@BeforeTest setup" time="0.0">
    <ignored/>
  </testcase> <!-- @BeforeTest setup -->
  <testcase classname="Pages.BaseClass" name="@BeforeTest setup" time="0.0">
    <ignored/>
  </testcase> <!-- @BeforeTest setup -->
  <testcase classname="Pages.BaseClass" name="@BeforeTest setup" time="0.0">
    <ignored/>
  </testcase> <!-- @BeforeTest setup -->
</testsuite> <!-- Master.test -->
