<?xml version="1.0" encoding="UTF-8"?>
<!-- Generated by org.testng.reporters.JUnitXMLReporter -->
<testsuite ignored="15" hostname="iOrbit_PC_31" failures="7" tests="16" name="Master.test" time="281.155" errors="0" timestamp="2026-05-14T18:04:41 IST">
  <testcase classname="tests.NewLoginTest" name="testValidLogin" time="5.754"/>
  <testcase classname="tests.OTP_Test" name="enterOTPTest" time="16.658"/>
  <testcase classname="tests.CreateDoctorTest" name="testcreatedoctor" time="63.934">
    <failure type="org.openqa.selenium.NoSuchElementException" message="Can&amp;apos;t locate an element by this strategy: By.xpath: //android.widget.TextView[@text=&amp;quot;Doctor Information Saved successfully!&amp;quot;]">
      <![CDATA[org.openqa.selenium.NoSuchElementException: Can't locate an element by this strategy: By.xpath: //android.widget.TextView[@text="Doctor Information Saved successfully!"]
at io.appium.java_client.pagefactory.AppiumElementLocator.findElement(AppiumElementLocator.java:166)
at io.appium.java_client.pagefactory.interceptors.InterceptorOfASingleElement.call(InterceptorOfASingleElement.java:75)
at io.appium.java_client.proxy.Interceptor.intercept(Interceptor.java:78)
at org.openqa.selenium.remote.RemoteWebElement$ByteBuddy$Jnza4x70.getText(Unknown Source)
at Pages.Doctor_feature.createDoctormethod(Doctor_feature.java:226)
at tests.CreateDoctorTest.testcreatedoctor(CreateDoctorTest.java:59)
at java.base/java.util.ArrayList.forEach(ArrayList.java:1511)
Caused by: org.openqa.selenium.TimeoutException: Expected condition failed: waiting for io.appium.java_client.pagefactory.AppiumElementLocator$WaitingFunction@2213639b
(tried for 10 seconds with 500 milliseconds interval)
at org.openqa.selenium.support.ui.FluentWait.timeoutException(FluentWait.java:279)
at org.openqa.selenium.support.ui.FluentWait.until(FluentWait.java:234)
at io.appium.java_client.pagefactory.AppiumElementLocator.waitFor(AppiumElementLocator.java:135)
at io.appium.java_client.pagefactory.AppiumElementLocator.findElement(AppiumElementLocator.java:160)
... 33 more
Caused by: org.openqa.selenium.NoSuchElementException: An element could not be located on the page using the given search parameters.
For documentation on this error, please visit: https://www.selenium.dev/documentation/webdriver/troubleshooting/errors#no-such-element-exception
Build info: version: '4.33.0', revision: '2c6aaad03a'
System info: os.name: 'Windows 11', os.arch: 'amd64', os.version: '10.0', java.version: '17.0.2'
Driver info: io.appium.java_client.android.AndroidDriver
Command: [a74ba2d6-2334-40c5-9a9c-6fa37b1cdfbd, findElement {using=xpath, value=//android.widget.TextView[@text="Doctor Information Saved successfully!"]}]
Capabilities {appium:adbExecTimeout: 120000, appium:app: C:\Users\Adesh S\Downloads\..., appium:appActivity: com.itouchtechadminapp.Main..., appium:appPackage: com.itouchtechadminapp, appium:autoGrantPermissions: true, appium:automationName: UiAutomator2, appium:databaseEnabled: false, appium:desired: {adbExecTimeout: 120000, app: C:\Users\Adesh S\Downloads\..., autoGrantPermissions: true, automationName: UiAutomator2, deviceName: emulator-5554, disableWindowAnimation: true, ignoreHiddenApiPolicyError: true, newCommandTimeout: 600, noReset: false, platformName: ANDROID, skipDeviceInitialization: false, skipServerInstallation: false, udid: emulator-5554, uiautomator2ServerInstallTimeout: 120000, uiautomator2ServerLaunchTimeout: 120000, waitForIdleTimeout: 10000}, appium:deviceApiLevel: 33, appium:deviceManufacturer: Google, appium:deviceModel: sdk_gphone64_x86_64, appium:deviceName: emulator-5554, appium:deviceScreenDensity: 420, appium:deviceScreenSize: 1080x2400, appium:deviceUDID: emulator-5554, appium:disableWindowAnimation: true, appium:ignoreHiddenApiPolicyError: true, appium:javascriptEnabled: true, appium:locationContextEnabled: false, appium:networkConnectionEnabled: true, appium:newCommandTimeout: 600, appium:noReset: false, appium:pixelRatio: 2.625, appium:platformVersion: 13, appium:skipDeviceInitialization: false, appium:skipServerInstallation: false, appium:statBarHeight: 63, appium:takesScreenshot: true, appium:udid: emulator-5554, appium:uiautomator2ServerInstallTimeout: 120000, appium:uiautomator2ServerLaunchTimeout: 120000, appium:viewportRect: {height: 2337, left: 0, top: 63, width: 1080}, appium:waitForIdleTimeout: 10000, appium:warnings: {}, appium:webStorageEnabled: false, platformName: ANDROID}
Session ID: a74ba2d6-2334-40c5-9a9c-6fa37b1cdfbd
at org.openqa.selenium.remote.ErrorCodec.decode(ErrorCodec.java:167)
at org.openqa.selenium.remote.codec.w3c.W3CHttpResponseCodec.decode(W3CHttpResponseCodec.java:138)
at org.openqa.selenium.remote.codec.w3c.W3CHttpResponseCodec.decode(W3CHttpResponseCodec.java:50)
at org.openqa.selenium.remote.HttpCommandExecutor.execute(HttpCommandExecutor.java:215)
at io.appium.java_client.remote.AppiumCommandExecutor.execute(AppiumCommandExecutor.java:237)
at org.openqa.selenium.remote.RemoteWebDriver.execute(RemoteWebDriver.java:544)
at org.openqa.selenium.remote.ElementLocation$ElementFinder$2.findElement(ElementLocation.java:165)
at org.openqa.selenium.remote.ElementLocation.findElement(ElementLocation.java:59)
at org.openqa.selenium.remote.RemoteWebDriver.findElement(RemoteWebDriver.java:367)
at org.openqa.selenium.remote.RemoteWebDriver.findElement(RemoteWebDriver.java:361)
at io.appium.java_client.pagefactory.bys.ContentMappedBy.findElement(ContentMappedBy.java:53)
at org.openqa.selenium.remote.ElementLocation$ElementFinder$1.findElement(ElementLocation.java:139)
at org.openqa.selenium.remote.ElementLocation.findElement(ElementLocation.java:59)
at org.openqa.selenium.remote.RemoteWebDriver.findElement(RemoteWebDriver.java:367)
at org.openqa.selenium.remote.RemoteWebDriver.findElement(RemoteWebDriver.java:361)
at io.appium.java_client.pagefactory.AppiumElementLocator.lambda$findElement$1(AppiumElementLocator.java:160)
at io.appium.java_client.pagefactory.AppiumElementLocator$WaitingFunction.apply(AppiumElementLocator.java:217)
at io.appium.java_client.pagefactory.AppiumElementLocator$WaitingFunction.apply(AppiumElementLocator.java:210)
at org.openqa.selenium.support.ui.FluentWait.until(FluentWait.java:210)
... 35 more
... Removed 31 stack frames]]>
    </failure>
  </testcase> <!-- testcreatedoctor -->
  <testcase classname="tests.CreatePatientTest" name="testcreatepatient" time="10.219">
    <failure type="org.openqa.selenium.TimeoutException" message="Expected condition failed: waiting for element to be clickable, but the element was not found: org.openqa.selenium.NoSuchElementException: Can&amp;apos;t locate an element by this strategy: By.xpath: //android.view.ViewGroup[@content-desc=&amp;apos;Patient Center&amp;apos;].
(tried for 10 seconds with 500 milliseconds interval)
Build info: version: &amp;apos;4.33.0&amp;apos;, revision: &amp;apos;2c6aaad03a&amp;apos;
System info: os.name: &amp;apos;Windows 11&amp;apos;, os.arch: &amp;apos;amd64&amp;apos;, os.version: &amp;apos;10.0&amp;apos;, java.version: &amp;apos;17.0.2&amp;apos;
Driver info: io.appium.java_client.android.AndroidDriver
Capabilities {appium:adbExecTimeout: 120000, appium:app: C:\Users\Adesh S\Downloads\..., appium:appActivity: com.itouchtechadminapp.Main..., appium:appPackage: com.itouchtechadminapp, appium:autoGrantPermissions: true, appium:automationName: UiAutomator2, appium:databaseEnabled: false, appium:desired: {adbExecTimeout: 120000, app: C:\Users\Adesh S\Downloads\..., autoGrantPermissions: true, automationName: UiAutomator2, deviceName: emulator-5554, disableWindowAnimation: true, ignoreHiddenApiPolicyError: true, newCommandTimeout: 600, noReset: false, platformName: ANDROID, skipDeviceInitialization: false, skipServerInstallation: false, udid: emulator-5554, uiautomator2ServerInstallTimeout: 120000, uiautomator2ServerLaunchTimeout: 120000, waitForIdleTimeout: 10000}, appium:deviceApiLevel: 33, appium:deviceManufacturer: Google, appium:deviceModel: sdk_gphone64_x86_64, appium:deviceName: emulator-5554, appium:deviceScreenDensity: 420, appium:deviceScreenSize: 1080x2400, appium:deviceUDID: emulator-5554, appium:disableWindowAnimation: true, appium:ignoreHiddenApiPolicyError: true, appium:javascriptEnabled: true, appium:locationContextEnabled: false, appium:networkConnectionEnabled: true, appium:newCommandTimeout: 600, appium:noReset: false, appium:pixelRatio: 2.625, appium:platformVersion: 13, appium:skipDeviceInitialization: false, appium:skipServerInstallation: false, appium:statBarHeight: 63, appium:takesScreenshot: true, appium:udid: emulator-5554, appium:uiautomator2ServerInstallTimeout: 120000, appium:uiautomator2ServerLaunchTimeout: 120000, appium:viewportRect: {height: 2337, left: 0, top: 63, width: 1080}, appium:waitForIdleTimeout: 10000, appium:warnings: {}, appium:webStorageEnabled: false, platformName: ANDROID}
Session ID: a74ba2d6-2334-40c5-9a9c-6fa37b1cdfbd">
      <![CDATA[org.openqa.selenium.TimeoutException: Expected condition failed: waiting for element to be clickable, but the element was not found: org.openqa.selenium.NoSuchElementException: Can't locate an element by this strategy: By.xpath: //android.view.ViewGroup[@content-desc='Patient Center'].
(tried for 10 seconds with 500 milliseconds interval)
Build info: version: '4.33.0', revision: '2c6aaad03a'
System info: os.name: 'Windows 11', os.arch: 'amd64', os.version: '10.0', java.version: '17.0.2'
Driver info: io.appium.java_client.android.AndroidDriver
Capabilities {appium:adbExecTimeout: 120000, appium:app: C:\Users\Adesh S\Downloads\..., appium:appActivity: com.itouchtechadminapp.Main..., appium:appPackage: com.itouchtechadminapp, appium:autoGrantPermissions: true, appium:automationName: UiAutomator2, appium:databaseEnabled: false, appium:desired: {adbExecTimeout: 120000, app: C:\Users\Adesh S\Downloads\..., autoGrantPermissions: true, automationName: UiAutomator2, deviceName: emulator-5554, disableWindowAnimation: true, ignoreHiddenApiPolicyError: true, newCommandTimeout: 600, noReset: false, platformName: ANDROID, skipDeviceInitialization: false, skipServerInstallation: false, udid: emulator-5554, uiautomator2ServerInstallTimeout: 120000, uiautomator2ServerLaunchTimeout: 120000, waitForIdleTimeout: 10000}, appium:deviceApiLevel: 33, appium:deviceManufacturer: Google, appium:deviceModel: sdk_gphone64_x86_64, appium:deviceName: emulator-5554, appium:deviceScreenDensity: 420, appium:deviceScreenSize: 1080x2400, appium:deviceUDID: emulator-5554, appium:disableWindowAnimation: true, appium:ignoreHiddenApiPolicyError: true, appium:javascriptEnabled: true, appium:locationContextEnabled: false, appium:networkConnectionEnabled: true, appium:newCommandTimeout: 600, appium:noReset: false, appium:pixelRatio: 2.625, appium:platformVersion: 13, appium:skipDeviceInitialization: false, appium:skipServerInstallation: false, appium:statBarHeight: 63, appium:takesScreenshot: true, appium:udid: emulator-5554, appium:uiautomator2ServerInstallTimeout: 120000, appium:uiautomator2ServerLaunchTimeout: 120000, appium:viewportRect: {height: 2337, left: 0, top: 63, width: 1080}, appium:waitForIdleTimeout: 10000, appium:warnings: {}, appium:webStorageEnabled: false, platformName: ANDROID}
Session ID: a74ba2d6-2334-40c5-9a9c-6fa37b1cdfbd
at org.openqa.selenium.support.ui.WebDriverWait.timeoutException(WebDriverWait.java:85)
at org.openqa.selenium.support.ui.FluentWait.until(FluentWait.java:234)
at Pages.Patient_Feature.createpatient(Patient_Feature.java:136)
at tests.CreatePatientTest.testcreatepatient(CreatePatientTest.java:55)
at java.base/java.util.ArrayList.forEach(ArrayList.java:1511)
... Removed 27 stack frames]]>
    </failure>
  </testcase> <!-- testcreatepatient -->
  <testcase classname="tests.CreateNurseTest" name="testcreatenurse" time="10.4">
    <failure type="org.openqa.selenium.TimeoutException" message="Expected condition failed: waiting for element to be clickable, but the element was not found: org.openqa.selenium.NoSuchElementException: Can&amp;apos;t locate an element by this strategy: By.xpath: //android.view.ViewGroup[@content-desc=&amp;quot;Nurse Center&amp;quot;].
(tried for 10 seconds with 500 milliseconds interval)
Build info: version: &amp;apos;4.33.0&amp;apos;, revision: &amp;apos;2c6aaad03a&amp;apos;
System info: os.name: &amp;apos;Windows 11&amp;apos;, os.arch: &amp;apos;amd64&amp;apos;, os.version: &amp;apos;10.0&amp;apos;, java.version: &amp;apos;17.0.2&amp;apos;
Driver info: io.appium.java_client.android.AndroidDriver
Capabilities {appium:adbExecTimeout: 120000, appium:app: C:\Users\Adesh S\Downloads\..., appium:appActivity: com.itouchtechadminapp.Main..., appium:appPackage: com.itouchtechadminapp, appium:autoGrantPermissions: true, appium:automationName: UiAutomator2, appium:databaseEnabled: false, appium:desired: {adbExecTimeout: 120000, app: C:\Users\Adesh S\Downloads\..., autoGrantPermissions: true, automationName: UiAutomator2, deviceName: emulator-5554, disableWindowAnimation: true, ignoreHiddenApiPolicyError: true, newCommandTimeout: 600, noReset: false, platformName: ANDROID, skipDeviceInitialization: false, skipServerInstallation: false, udid: emulator-5554, uiautomator2ServerInstallTimeout: 120000, uiautomator2ServerLaunchTimeout: 120000, waitForIdleTimeout: 10000}, appium:deviceApiLevel: 33, appium:deviceManufacturer: Google, appium:deviceModel: sdk_gphone64_x86_64, appium:deviceName: emulator-5554, appium:deviceScreenDensity: 420, appium:deviceScreenSize: 1080x2400, appium:deviceUDID: emulator-5554, appium:disableWindowAnimation: true, appium:ignoreHiddenApiPolicyError: true, appium:javascriptEnabled: true, appium:locationContextEnabled: false, appium:networkConnectionEnabled: true, appium:newCommandTimeout: 600, appium:noReset: false, appium:pixelRatio: 2.625, appium:platformVersion: 13, appium:skipDeviceInitialization: false, appium:skipServerInstallation: false, appium:statBarHeight: 63, appium:takesScreenshot: true, appium:udid: emulator-5554, appium:uiautomator2ServerInstallTimeout: 120000, appium:uiautomator2ServerLaunchTimeout: 120000, appium:viewportRect: {height: 2337, left: 0, top: 63, width: 1080}, appium:waitForIdleTimeout: 10000, appium:warnings: {}, appium:webStorageEnabled: false, platformName: ANDROID}
Session ID: a74ba2d6-2334-40c5-9a9c-6fa37b1cdfbd">
      <![CDATA[org.openqa.selenium.TimeoutException: Expected condition failed: waiting for element to be clickable, but the element was not found: org.openqa.selenium.NoSuchElementException: Can't locate an element by this strategy: By.xpath: //android.view.ViewGroup[@content-desc="Nurse Center"].
(tried for 10 seconds with 500 milliseconds interval)
Build info: version: '4.33.0', revision: '2c6aaad03a'
System info: os.name: 'Windows 11', os.arch: 'amd64', os.version: '10.0', java.version: '17.0.2'
Driver info: io.appium.java_client.android.AndroidDriver
Capabilities {appium:adbExecTimeout: 120000, appium:app: C:\Users\Adesh S\Downloads\..., appium:appActivity: com.itouchtechadminapp.Main..., appium:appPackage: com.itouchtechadminapp, appium:autoGrantPermissions: true, appium:automationName: UiAutomator2, appium:databaseEnabled: false, appium:desired: {adbExecTimeout: 120000, app: C:\Users\Adesh S\Downloads\..., autoGrantPermissions: true, automationName: UiAutomator2, deviceName: emulator-5554, disableWindowAnimation: true, ignoreHiddenApiPolicyError: true, newCommandTimeout: 600, noReset: false, platformName: ANDROID, skipDeviceInitialization: false, skipServerInstallation: false, udid: emulator-5554, uiautomator2ServerInstallTimeout: 120000, uiautomator2ServerLaunchTimeout: 120000, waitForIdleTimeout: 10000}, appium:deviceApiLevel: 33, appium:deviceManufacturer: Google, appium:deviceModel: sdk_gphone64_x86_64, appium:deviceName: emulator-5554, appium:deviceScreenDensity: 420, appium:deviceScreenSize: 1080x2400, appium:deviceUDID: emulator-5554, appium:disableWindowAnimation: true, appium:ignoreHiddenApiPolicyError: true, appium:javascriptEnabled: true, appium:locationContextEnabled: false, appium:networkConnectionEnabled: true, appium:newCommandTimeout: 600, appium:noReset: false, appium:pixelRatio: 2.625, appium:platformVersion: 13, appium:skipDeviceInitialization: false, appium:skipServerInstallation: false, appium:statBarHeight: 63, appium:takesScreenshot: true, appium:udid: emulator-5554, appium:uiautomator2ServerInstallTimeout: 120000, appium:uiautomator2ServerLaunchTimeout: 120000, appium:viewportRect: {height: 2337, left: 0, top: 63, width: 1080}, appium:waitForIdleTimeout: 10000, appium:warnings: {}, appium:webStorageEnabled: false, platformName: ANDROID}
Session ID: a74ba2d6-2334-40c5-9a9c-6fa37b1cdfbd
at org.openqa.selenium.support.ui.WebDriverWait.timeoutException(WebDriverWait.java:85)
at org.openqa.selenium.support.ui.FluentWait.until(FluentWait.java:234)
at Pages.Nurse_feature.createnursemethod(Nurse_feature.java:130)
at tests.CreateNurseTest.testcreatenurse(CreateNurseTest.java:56)
at java.base/java.util.ArrayList.forEach(ArrayList.java:1511)
... Removed 27 stack frames]]>
    </failure>
  </testcase> <!-- testcreatenurse -->
  <testcase classname="tests.CreateDeviceTest" name="testcreatedevice" time="22.074">
    <failure type="java.lang.AssertionError" message="Device creation failed! Actual: Device added successfully! expected [true] but found [false]">
      <![CDATA[java.lang.AssertionError: Device creation failed! Actual: Device added successfully! expected [true] but found [false]
at tests.CreateDeviceTest.testcreatedevice(CreateDeviceTest.java:40)
at java.base/java.util.ArrayList.forEach(ArrayList.java:1511)
... Removed 30 stack frames]]>
    </failure>
  </testcase> <!-- testcreatedevice -->
  <testcase classname="tests.CreateWardTest" name="testcreateward" time="15.025"/>
  <testcase classname="tests.CreateGatewayTest" name="testcreategateway" time="10.65"/>
  <testcase classname="tests.CreateShiftTest" name="testcreateshift" time="19.61"/>
  <testcase classname="tests.CreateBedTest" name="testcreatebed" time="9.666"/>
  <testcase classname="tests.AssignDoctorToShiftTest" name="testAssigndoctortoshift" time="14.115">
    <failure type="java.lang.AssertionError" message="Doctor assignment failed! Actual: Doctor assigned successfully! expected [true] but found [false]">
      <![CDATA[java.lang.AssertionError: Doctor assignment failed! Actual: Doctor assigned successfully! expected [true] but found [false]
at tests.AssignDoctorToShiftTest.testAssigndoctortoshift(AssignDoctorToShiftTest.java:49)
at java.base/java.util.ArrayList.forEach(ArrayList.java:1511)
... Removed 30 stack frames]]>
    </failure>
  </testcase> <!-- testAssigndoctortoshift -->
  <testcase classname="tests.AssignBedToNurse" name="testAssignnursetobed" time="12.855"/>
  <testcase classname="tests.AssignNurseToShift" name="testAssignnursetoshift" time="5.305">
    <failure type="org.openqa.selenium.InvalidElementStateException" message="Cannot set the element to &amp;apos;Shift99508&amp;apos;. Did you interact with the correct element?
Build info: version: &amp;apos;4.33.0&amp;apos;, revision: &amp;apos;2c6aaad03a&amp;apos;
System info: os.name: &amp;apos;Windows 11&amp;apos;, os.arch: &amp;apos;amd64&amp;apos;, os.version: &amp;apos;10.0&amp;apos;, java.version: &amp;apos;17.0.2&amp;apos;
Driver info: io.appium.java_client.android.AndroidDriver
Command: [a74ba2d6-2334-40c5-9a9c-6fa37b1cdfbd, sendKeysToElement {id=00000000-0000-013e-ffff-ffff00000529, value=[Ljava.lang.CharSequence;@cb318ac}]
Capabilities {appium:adbExecTimeout: 120000, appium:app: C:\Users\Adesh S\Downloads\..., appium:appActivity: com.itouchtechadminapp.Main..., appium:appPackage: com.itouchtechadminapp, appium:autoGrantPermissions: true, appium:automationName: UiAutomator2, appium:databaseEnabled: false, appium:desired: {adbExecTimeout: 120000, app: C:\Users\Adesh S\Downloads\..., autoGrantPermissions: true, automationName: UiAutomator2, deviceName: emulator-5554, disableWindowAnimation: true, ignoreHiddenApiPolicyError: true, newCommandTimeout: 600, noReset: false, platformName: ANDROID, skipDeviceInitialization: false, skipServerInstallation: false, udid: emulator-5554, uiautomator2ServerInstallTimeout: 120000, uiautomator2ServerLaunchTimeout: 120000, waitForIdleTimeout: 10000}, appium:deviceApiLevel: 33, appium:deviceManufacturer: Google, appium:deviceModel: sdk_gphone64_x86_64, appium:deviceName: emulator-5554, appium:deviceScreenDensity: 420, appium:deviceScreenSize: 1080x2400, appium:deviceUDID: emulator-5554, appium:disableWindowAnimation: true, appium:ignoreHiddenApiPolicyError: true, appium:javascriptEnabled: true, appium:locationContextEnabled: false, appium:networkConnectionEnabled: true, appium:newCommandTimeout: 600, appium:noReset: false, appium:pixelRatio: 2.625, appium:platformVersion: 13, appium:skipDeviceInitialization: false, appium:skipServerInstallation: false, appium:statBarHeight: 63, appium:takesScreenshot: true, appium:udid: emulator-5554, appium:uiautomator2ServerInstallTimeout: 120000, appium:uiautomator2ServerLaunchTimeout: 120000, appium:viewportRect: {height: 2337, left: 0, top: 63, width: 1080}, appium:waitForIdleTimeout: 10000, appium:warnings: {}, appium:webStorageEnabled: false, platformName: ANDROID}
Element: [[AndroidDriver:  on ANDROID (a74ba2d6-2334-40c5-9a9c-6fa37b1cdfbd)] -&amp;gt; xpath: //android.widget.EditText[@resource-id=&amp;quot;input-shift-code&amp;quot;]]
Session ID: a74ba2d6-2334-40c5-9a9c-6fa37b1cdfbd">
      <![CDATA[org.openqa.selenium.InvalidElementStateException: Cannot set the element to 'Shift99508'. Did you interact with the correct element?
Build info: version: '4.33.0', revision: '2c6aaad03a'
System info: os.name: 'Windows 11', os.arch: 'amd64', os.version: '10.0', java.version: '17.0.2'
Driver info: io.appium.java_client.android.AndroidDriver
Command: [a74ba2d6-2334-40c5-9a9c-6fa37b1cdfbd, sendKeysToElement {id=00000000-0000-013e-ffff-ffff00000529, value=[Ljava.lang.CharSequence;@cb318ac}]
Capabilities {appium:adbExecTimeout: 120000, appium:app: C:\Users\Adesh S\Downloads\..., appium:appActivity: com.itouchtechadminapp.Main..., appium:appPackage: com.itouchtechadminapp, appium:autoGrantPermissions: true, appium:automationName: UiAutomator2, appium:databaseEnabled: false, appium:desired: {adbExecTimeout: 120000, app: C:\Users\Adesh S\Downloads\..., autoGrantPermissions: true, automationName: UiAutomator2, deviceName: emulator-5554, disableWindowAnimation: true, ignoreHiddenApiPolicyError: true, newCommandTimeout: 600, noReset: false, platformName: ANDROID, skipDeviceInitialization: false, skipServerInstallation: false, udid: emulator-5554, uiautomator2ServerInstallTimeout: 120000, uiautomator2ServerLaunchTimeout: 120000, waitForIdleTimeout: 10000}, appium:deviceApiLevel: 33, appium:deviceManufacturer: Google, appium:deviceModel: sdk_gphone64_x86_64, appium:deviceName: emulator-5554, appium:deviceScreenDensity: 420, appium:deviceScreenSize: 1080x2400, appium:deviceUDID: emulator-5554, appium:disableWindowAnimation: true, appium:ignoreHiddenApiPolicyError: true, appium:javascriptEnabled: true, appium:locationContextEnabled: false, appium:networkConnectionEnabled: true, appium:newCommandTimeout: 600, appium:noReset: false, appium:pixelRatio: 2.625, appium:platformVersion: 13, appium:skipDeviceInitialization: false, appium:skipServerInstallation: false, appium:statBarHeight: 63, appium:takesScreenshot: true, appium:udid: emulator-5554, appium:uiautomator2ServerInstallTimeout: 120000, appium:uiautomator2ServerLaunchTimeout: 120000, appium:viewportRect: {height: 2337, left: 0, top: 63, width: 1080}, appium:waitForIdleTimeout: 10000, appium:warnings: {}, appium:webStorageEnabled: false, platformName: ANDROID}
Element: [[AndroidDriver:  on ANDROID (a74ba2d6-2334-40c5-9a9c-6fa37b1cdfbd)] -> xpath: //android.widget.EditText[@resource-id="input-shift-code"]]
Session ID: a74ba2d6-2334-40c5-9a9c-6fa37b1cdfbd
at org.openqa.selenium.remote.ErrorCodec.decode(ErrorCodec.java:167)
at org.openqa.selenium.remote.codec.w3c.W3CHttpResponseCodec.decode(W3CHttpResponseCodec.java:138)
at org.openqa.selenium.remote.codec.w3c.W3CHttpResponseCodec.decode(W3CHttpResponseCodec.java:50)
at org.openqa.selenium.remote.HttpCommandExecutor.execute(HttpCommandExecutor.java:215)
at io.appium.java_client.remote.AppiumCommandExecutor.execute(AppiumCommandExecutor.java:237)
at org.openqa.selenium.remote.RemoteWebDriver.execute(RemoteWebDriver.java:544)
at org.openqa.selenium.remote.RemoteWebElement.execute(RemoteWebElement.java:223)
at org.openqa.selenium.remote.RemoteWebElement.sendKeys(RemoteWebElement.java:110)
at io.appium.java_client.pagefactory.ElementInterceptor.getObject(ElementInterceptor.java:42)
at io.appium.java_client.pagefactory.interceptors.InterceptorOfASingleElement.call(InterceptorOfASingleElement.java:79)
at io.appium.java_client.proxy.Interceptor.intercept(Interceptor.java:78)
at org.openqa.selenium.remote.RemoteWebElement$ByteBuddy$Jnza4x70.sendKeys(Unknown Source)
at Pages.NurseAssignToShift.AssignNurseToShiftmethod(NurseAssignToShift.java:63)
at tests.AssignNurseToShift.testAssignnursetoshift(AssignNurseToShift.java:47)
at java.base/java.util.ArrayList.forEach(ArrayList.java:1511)
... Removed 35 stack frames]]>
    </failure>
  </testcase> <!-- testAssignnursetoshift -->
  <testcase classname="tests.DeviceConfigTest" name="testdeviceconfig" time="10.482">
    <failure type="org.openqa.selenium.TimeoutException" message="Expected condition failed: waiting for element to be clickable, but the element was not found: org.openqa.selenium.NoSuchElementException: Can&amp;apos;t locate an element by this strategy: By.xpath: //android.view.ViewGroup[@content-desc=&amp;quot;Asset Center&amp;quot;].
(tried for 10 seconds with 500 milliseconds interval)
Build info: version: &amp;apos;4.33.0&amp;apos;, revision: &amp;apos;2c6aaad03a&amp;apos;
System info: os.name: &amp;apos;Windows 11&amp;apos;, os.arch: &amp;apos;amd64&amp;apos;, os.version: &amp;apos;10.0&amp;apos;, java.version: &amp;apos;17.0.2&amp;apos;
Driver info: io.appium.java_client.android.AndroidDriver
Capabilities {appium:adbExecTimeout: 120000, appium:app: C:\Users\Adesh S\Downloads\..., appium:appActivity: com.itouchtechadminapp.Main..., appium:appPackage: com.itouchtechadminapp, appium:autoGrantPermissions: true, appium:automationName: UiAutomator2, appium:databaseEnabled: false, appium:desired: {adbExecTimeout: 120000, app: C:\Users\Adesh S\Downloads\..., autoGrantPermissions: true, automationName: UiAutomator2, deviceName: emulator-5554, disableWindowAnimation: true, ignoreHiddenApiPolicyError: true, newCommandTimeout: 600, noReset: false, platformName: ANDROID, skipDeviceInitialization: false, skipServerInstallation: false, udid: emulator-5554, uiautomator2ServerInstallTimeout: 120000, uiautomator2ServerLaunchTimeout: 120000, waitForIdleTimeout: 10000}, appium:deviceApiLevel: 33, appium:deviceManufacturer: Google, appium:deviceModel: sdk_gphone64_x86_64, appium:deviceName: emulator-5554, appium:deviceScreenDensity: 420, appium:deviceScreenSize: 1080x2400, appium:deviceUDID: emulator-5554, appium:disableWindowAnimation: true, appium:ignoreHiddenApiPolicyError: true, appium:javascriptEnabled: true, appium:locationContextEnabled: false, appium:networkConnectionEnabled: true, appium:newCommandTimeout: 600, appium:noReset: false, appium:pixelRatio: 2.625, appium:platformVersion: 13, appium:skipDeviceInitialization: false, appium:skipServerInstallation: false, appium:statBarHeight: 63, appium:takesScreenshot: true, appium:udid: emulator-5554, appium:uiautomator2ServerInstallTimeout: 120000, appium:uiautomator2ServerLaunchTimeout: 120000, appium:viewportRect: {height: 2337, left: 0, top: 63, width: 1080}, appium:waitForIdleTimeout: 10000, appium:warnings: {}, appium:webStorageEnabled: false, platformName: ANDROID}
Session ID: a74ba2d6-2334-40c5-9a9c-6fa37b1cdfbd">
      <![CDATA[org.openqa.selenium.TimeoutException: Expected condition failed: waiting for element to be clickable, but the element was not found: org.openqa.selenium.NoSuchElementException: Can't locate an element by this strategy: By.xpath: //android.view.ViewGroup[@content-desc="Asset Center"].
(tried for 10 seconds with 500 milliseconds interval)
Build info: version: '4.33.0', revision: '2c6aaad03a'
System info: os.name: 'Windows 11', os.arch: 'amd64', os.version: '10.0', java.version: '17.0.2'
Driver info: io.appium.java_client.android.AndroidDriver
Capabilities {appium:adbExecTimeout: 120000, appium:app: C:\Users\Adesh S\Downloads\..., appium:appActivity: com.itouchtechadminapp.Main..., appium:appPackage: com.itouchtechadminapp, appium:autoGrantPermissions: true, appium:automationName: UiAutomator2, appium:databaseEnabled: false, appium:desired: {adbExecTimeout: 120000, app: C:\Users\Adesh S\Downloads\..., autoGrantPermissions: true, automationName: UiAutomator2, deviceName: emulator-5554, disableWindowAnimation: true, ignoreHiddenApiPolicyError: true, newCommandTimeout: 600, noReset: false, platformName: ANDROID, skipDeviceInitialization: false, skipServerInstallation: false, udid: emulator-5554, uiautomator2ServerInstallTimeout: 120000, uiautomator2ServerLaunchTimeout: 120000, waitForIdleTimeout: 10000}, appium:deviceApiLevel: 33, appium:deviceManufacturer: Google, appium:deviceModel: sdk_gphone64_x86_64, appium:deviceName: emulator-5554, appium:deviceScreenDensity: 420, appium:deviceScreenSize: 1080x2400, appium:deviceUDID: emulator-5554, appium:disableWindowAnimation: true, appium:ignoreHiddenApiPolicyError: true, appium:javascriptEnabled: true, appium:locationContextEnabled: false, appium:networkConnectionEnabled: true, appium:newCommandTimeout: 600, appium:noReset: false, appium:pixelRatio: 2.625, appium:platformVersion: 13, appium:skipDeviceInitialization: false, appium:skipServerInstallation: false, appium:statBarHeight: 63, appium:takesScreenshot: true, appium:udid: emulator-5554, appium:uiautomator2ServerInstallTimeout: 120000, appium:uiautomator2ServerLaunchTimeout: 120000, appium:viewportRect: {height: 2337, left: 0, top: 63, width: 1080}, appium:waitForIdleTimeout: 10000, appium:warnings: {}, appium:webStorageEnabled: false, platformName: ANDROID}
Session ID: a74ba2d6-2334-40c5-9a9c-6fa37b1cdfbd
at org.openqa.selenium.support.ui.WebDriverWait.timeoutException(WebDriverWait.java:85)
at org.openqa.selenium.support.ui.FluentWait.until(FluentWait.java:234)
at Pages.Device_Config_feature.Deviceconfigmethod(Device_Config_feature.java:76)
at tests.DeviceConfigTest.testdeviceconfig(DeviceConfigTest.java:44)
at java.base/java.util.ArrayList.forEach(ArrayList.java:1511)
... Removed 27 stack frames]]>
    </failure>
  </testcase> <!-- testdeviceconfig -->
  <testcase classname="tests.AssignDeviceToBedTest" name="testAssigndevicetobed" time="24.47"/>
  <testcase classname="tests.AdmitPatientTest" name="testadmitpatient" time="19.325"/>
  <testcase classname="Pages.BaseClass" name="@BeforeTest setup" time="0.0">
    <ignored/>
  </testcase> <!-- @BeforeTest setup -->
  <testcase classname="Pages.BaseClass" name="@BeforeTest setup" time="0.0">
    <ignored/>
  </testcase> <!-- @BeforeTest setup -->
  <testcase classname="Pages.BaseClass" name="@BeforeTest setup" time="0.0">
    <ignored/>
  </testcase> <!-- @BeforeTest setup -->
  <testcase classname="Pages.BaseClass" name="@BeforeTest setup" time="0.0">
    <ignored/>
  </testcase> <!-- @BeforeTest setup -->
  <testcase classname="Pages.BaseClass" name="@BeforeTest setup" time="0.0">
    <ignored/>
  </testcase> <!-- @BeforeTest setup -->
  <testcase classname="Pages.BaseClass" name="@BeforeTest setup" time="0.0">
    <ignored/>
  </testcase> <!-- @BeforeTest setup -->
  <testcase classname="Pages.BaseClass" name="@BeforeTest setup" time="0.0">
    <ignored/>
  </testcase> <!-- @BeforeTest setup -->
  <testcase classname="Pages.BaseClass" name="@BeforeTest setup" time="0.0">
    <ignored/>
  </testcase> <!-- @BeforeTest setup -->
  <testcase classname="Pages.BaseClass" name="@BeforeTest setup" time="0.0">
    <ignored/>
  </testcase> <!-- @BeforeTest setup -->
  <testcase classname="Pages.BaseClass" name="@BeforeTest setup" time="0.0">
    <ignored/>
  </testcase> <!-- @BeforeTest setup -->
  <testcase classname="Pages.BaseClass" name="@BeforeTest setup" time="0.0">
    <ignored/>
  </testcase> <!-- @BeforeTest setup -->
  <testcase classname="Pages.BaseClass" name="@BeforeTest setup" time="0.0">
    <ignored/>
  </testcase> <!-- @BeforeTest setup -->
  <testcase classname="Pages.BaseClass" name="@BeforeTest setup" time="0.0">
    <ignored/>
  </testcase> <!-- @BeforeTest setup -->
  <testcase classname="Pages.BaseClass" name="@BeforeTest setup" time="0.0">
    <ignored/>
  </testcase> <!-- @BeforeTest setup -->
  <testcase classname="Pages.BaseClass" name="@BeforeTest setup" time="0.0">
    <ignored/>
  </testcase> <!-- @BeforeTest setup -->
</testsuite> <!-- Master.test -->
