<?xml version="1.0" encoding="UTF-8"?>
<!-- Generated by org.testng.reporters.JUnitXMLReporter -->
<testsuite ignored="1" hostname="iOrbit_PC_31" failures="0" tests="2" name="Test" time="33.64" errors="0" timestamp="2026-04-14T14:53:41 IST">
  <testcase classname="tests.NewLoginTest" name="testValidLogin" time="4.573"/>
  <testcase classname="tests.OTP_Test" name="enterOTPTest" time="19.22"/>
  <testcase classname="Pages.BaseClass" name="@BeforeTest setup" time="0.0">
    <ignored/>
  </testcase> <!-- @BeforeTest setup -->
</testsuite> <!-- Test -->
