<?xml version="1.0" encoding="UTF-8"?>
<!-- Generated by org.testng.reporters.JUnitXMLReporter -->
<testsuite ignored="2" hostname="iOrbit_PC_31" failures="0" tests="3" name="Default test" time="73.615" errors="0" timestamp="2026-04-08T15:29:48 IST">
  <testcase classname="tests.NewLoginTest" name="testValidLogin" time="10.109"/>
  <testcase classname="tests.OTP_Test" name="enterOTPTest" time="17.121"/>
  <testcase classname="tests.AdmitPatientTest" name="testadmitpatient" time="38.848"/>
  <testcase classname="Pages.BaseClass" name="@BeforeTest setup" time="0.0">
    <ignored/>
  </testcase> <!-- @BeforeTest setup -->
  <testcase classname="Pages.BaseClass" name="@BeforeTest setup" time="0.0">
    <ignored/>
  </testcase> <!-- @BeforeTest setup -->
</testsuite> <!-- Default test -->
