<?xml version="1.0" encoding="UTF-8"?>
<!-- Generated by org.testng.reporters.JUnitXMLReporter -->
<testsuite ignored="2" hostname="virupaksha-Acer-One-14-Z2-493" failures="0" tests="3" name="Default test" time="44.914" errors="0" timestamp="2025-12-23T10:44:54 IST">
  <testcase classname="tests.NewLoginTest" name="testValidLogin" time="8.78"/>
  <testcase classname="tests.OTP_Test" name="enterOTPTest" time="13.729"/>
  <testcase classname="tests.CreateWardTest" name="testcreateward" time="15.066"/>
  <testcase classname="Pages.BaseClass" name="@BeforeTest setup" time="0.0">
    <ignored/>
  </testcase> <!-- @BeforeTest setup -->
  <testcase classname="Pages.BaseClass" name="@BeforeTest setup" time="0.0">
    <ignored/>
  </testcase> <!-- @BeforeTest setup -->
</testsuite> <!-- Default test -->
